{"numFailedTestSuites":1,"numFailedTests":2,"numPassedTestSuites":0,"numPassedTests":73,"numPendingTestSuites":0,"numPendingTests":0,"numRuntimeErrorTestSuites":0,"numTodoTests":0,"numTotalTestSuites":1,"numTotalTests":75,"openHandles":[],"snapshot":{"added":0,"didUpdate":false,"failure":false,"filesAdded":0,"filesRemoved":0,"filesRemovedList":[],"filesUnmatched":0,"filesUpdated":0,"matched":0,"total":0,"unchecked":0,"uncheckedKeysByFile":[],"unmatched":0,"updated":0},"startTime":1781277292765,"success":false,"testResults":[{"assertionResults":[{"ancestorTitles":["Blog.tsx migration (src/views/Blog.tsx)"],"duration":1,"failing":false,"failureDetails":[],"failureMessages":[],"fullName":"Blog.tsx migration (src/views/Blog.tsx) does not import from react-router-dom","invocations":1,"location":null,"numPassingAsserts":2,"retryReasons":[],"startAt":1781277293439,"status":"passed","title":"does not import from react-router-dom"},{"ancestorTitles":["Blog.tsx migration (src/views/Blog.tsx)"],"duration":0,"failing":false,"failureDetails":[],"failureMessages":[],"fullName":"Blog.tsx migration (src/views/Blog.tsx) imports Link from next/link (not react-router-dom)","invocations":1,"location":null,"numPassingAsserts":1,"retryReasons":[],"startAt":1781277293441,"status":"passed","title":"imports Link from next/link (not react-router-dom)"},{"ancestorTitles":["Blog.tsx migration (src/views/Blog.tsx)"],"duration":1,"failing":false,"failureDetails":[],"failureMessages":[],"fullName":"Blog.tsx migration (src/views/Blog.tsx) uses Link href= attribute (not to=)","invocations":1,"location":null,"numPassingAsserts":2,"retryReasons":[],"startAt":1781277293441,"status":"passed","title":"uses Link href= attribute (not to=)"},{"ancestorTitles":["Blog.tsx migration (src/views/Blog.tsx)"],"duration":0,"failing":false,"failureDetails":[],"failureMessages":[],"fullName":"Blog.tsx migration (src/views/Blog.tsx) has \"use client\" directive (required for client-side features)","invocations":1,"location":null,"numPassingAsserts":1,"retryReasons":[],"startAt":1781277293442,"status":"passed","title":"has \"use client\" directive (required for client-side features)"},{"ancestorTitles":["Careers.tsx migration (src/views/Careers.tsx)"],"duration":1,"failing":false,"failureDetails":[],"failureMessages":[],"fullName":"Careers.tsx migration (src/views/Careers.tsx) does not import from react-router-dom","invocations":1,"location":null,"numPassingAsserts":2,"retryReasons":[],"startAt":1781277293442,"status":"passed","title":"does not import from react-router-dom"},{"ancestorTitles":["Careers.tsx migration (src/views/Careers.tsx)"],"duration":0,"failing":false,"failureDetails":[],"failureMessages":[],"fullName":"Careers.tsx migration (src/views/Careers.tsx) imports useRouter from next/navigation","invocations":1,"location":null,"numPassingAsserts":1,"retryReasons":[],"startAt":1781277293443,"status":"passed","title":"imports useRouter from next/navigation"},{"ancestorTitles":["Careers.tsx migration (src/views/Careers.tsx)"],"duration":0,"failing":false,"failureDetails":[],"failureMessages":[],"fullName":"Careers.tsx migration (src/views/Careers.tsx) uses navigate.back() instead of navigate(-1)","invocations":1,"location":null,"numPassingAsserts":2,"retryReasons":[],"startAt":1781277293443,"status":"passed","title":"uses navigate.back() instead of navigate(-1)"},{"ancestorTitles":["Chat.tsx migration (src/views/Chat.tsx)"],"duration":0,"failing":false,"failureDetails":[],"failureMessages":[],"fullName":"Chat.tsx migration (src/views/Chat.tsx) does not import from react-router-dom","invocations":1,"location":null,"numPassingAsserts":2,"retryReasons":[],"startAt":1781277293444,"status":"passed","title":"does not import from react-router-dom"},{"ancestorTitles":["Chat.tsx migration (src/views/Chat.tsx)"],"duration":1,"failing":false,"failureDetails":[],"failureMessages":[],"fullName":"Chat.tsx migration (src/views/Chat.tsx) imports from next/navigation","invocations":1,"location":null,"numPassingAsserts":1,"retryReasons":[],"startAt":1781277293444,"status":"passed","title":"imports from next/navigation"},{"ancestorTitles":["Chat.tsx migration (src/views/Chat.tsx)"],"duration":0,"failing":false,"failureDetails":[],"failureMessages":[],"fullName":"Chat.tsx migration (src/views/Chat.tsx) uses navigate.push() for programmatic navigation","invocations":1,"location":null,"numPassingAsserts":1,"retryReasons":[],"startAt":1781277293445,"status":"passed","title":"uses navigate.push() for programmatic navigation"},{"ancestorTitles":["Chat.tsx migration (src/views/Chat.tsx)"],"duration":0,"failing":false,"failureDetails":[],"failureMessages":[],"fullName":"Chat.tsx migration (src/views/Chat.tsx) does not use the old navigate(-1) pattern","invocations":1,"location":null,"numPassingAsserts":1,"retryReasons":[],"startAt":1781277293445,"status":"passed","title":"does not use the old navigate(-1) pattern"},{"ancestorTitles":["Confessions.tsx migration (src/views/Confessions.tsx)"],"duration":0,"failing":false,"failureDetails":[],"failureMessages":[],"fullName":"Confessions.tsx migration (src/views/Confessions.tsx) does not import from react-router-dom","invocations":1,"location":null,"numPassingAsserts":2,"retryReasons":[],"startAt":1781277293446,"status":"passed","title":"does not import from react-router-dom"},{"ancestorTitles":["Confessions.tsx migration (src/views/Confessions.tsx)"],"duration":0,"failing":false,"failureDetails":[],"failureMessages":[],"fullName":"Confessions.tsx migration (src/views/Confessions.tsx) imports from next/navigation","invocations":1,"location":null,"numPassingAsserts":1,"retryReasons":[],"startAt":1781277293446,"status":"passed","title":"imports from next/navigation"},{"ancestorTitles":["Confessions.tsx migration (src/views/Confessions.tsx)"],"duration":0,"failing":false,"failureDetails":[],"failureMessages":[],"fullName":"Confessions.tsx migration (src/views/Confessions.tsx) uses navigate.push() to navigate home","invocations":1,"location":null,"numPassingAsserts":1,"retryReasons":[],"startAt":1781277293446,"status":"passed","title":"uses navigate.push() to navigate home"},{"ancestorTitles":["Contact.tsx migration (src/views/Contact.tsx)"],"duration":0,"failing":false,"failureDetails":[],"failureMessages":[],"fullName":"Contact.tsx migration (src/views/Contact.tsx) does not import from react-router-dom","invocations":1,"location":null,"numPassingAsserts":2,"retryReasons":[],"startAt":1781277293447,"status":"passed","title":"does not import from react-router-dom"},{"ancestorTitles":["Contact.tsx migration (src/views/Contact.tsx)"],"duration":0,"failing":false,"failureDetails":[],"failureMessages":[],"fullName":"Contact.tsx migration (src/views/Contact.tsx) imports from next/navigation","invocations":1,"location":null,"numPassingAsserts":1,"retryReasons":[],"startAt":1781277293447,"status":"passed","title":"imports from next/navigation"},{"ancestorTitles":["Contact.tsx migration (src/views/Contact.tsx)"],"duration":0,"failing":false,"failureDetails":[],"failureMessages":[],"fullName":"Contact.tsx migration (src/views/Contact.tsx) uses navigate.back() instead of navigate(-1)","invocations":1,"location":null,"numPassingAsserts":2,"retryReasons":[],"startAt":1781277293447,"status":"passed","title":"uses navigate.back() instead of navigate(-1)"},{"ancestorTitles":["Contact.tsx migration (src/views/Contact.tsx)"],"duration":1,"failing":false,"failureDetails":[],"failureMessages":[],"fullName":"Contact.tsx migration (src/views/Contact.tsx) navigate.back() appears at least twice (submit + back button)","invocations":1,"location":null,"numPassingAsserts":1,"retryReasons":[],"startAt":1781277293447,"status":"passed","title":"navigate.back() appears at least twice (submit + back button)"},{"ancestorTitles":["Developers.tsx migration (src/views/Developers.tsx)"],"duration":0,"failing":false,"failureDetails":[],"failureMessages":[],"fullName":"Developers.tsx migration (src/views/Developers.tsx) does not import from react-router-dom","invocations":1,"location":null,"numPassingAsserts":2,"retryReasons":[],"startAt":1781277293448,"status":"passed","title":"does not import from react-router-dom"},{"ancestorTitles":["Developers.tsx migration (src/views/Developers.tsx)"],"duration":0,"failing":false,"failureDetails":[],"failureMessages":[],"fullName":"Developers.tsx migration (src/views/Developers.tsx) imports Link from next/link","invocations":1,"location":null,"numPassingAsserts":1,"retryReasons":[],"startAt":1781277293448,"status":"passed","title":"imports Link from next/link"},{"ancestorTitles":["Developers.tsx migration (src/views/Developers.tsx)"],"duration":1,"failing":false,"failureDetails":[{"matcherResult":{"message":"expect(received).toMatch(expected)\n\nExpected pattern: /<Link href=/\nReceived string:  \"import React from 'react';·\nimport Link from 'next/link';·\nimport { ArrowLeft, Instagram, Linkedin, Github } from 'lucide-react';···\nexport const Developers: React.FC = () => {···\n  const team = [·\n    {·\n      name: \\\"Nikhil Yadav\\\",·\n      title: \\\"Developer\\\",·\n      ig: \\\"https://www.instagram.com/nikhil_on_clouds?igsh=MTVscTYwd3VtbzlhZw==\\\",·\n      linkedin: \\\"https://www.linkedin.com/in/nikhil1yadav/\\\",·\n      github: \\\"https://github.com/Nikhil-Vzo\\\",·\n      gradient: \\\"from-neon/20 to-purple-600/20\\\",·\n      border: \\\"border-neon/30 hover:border-neon/60\\\",·\n      iconColor: \\\"text-neon\\\"·\n    },·\n    {·\n      name: \\\"Avneesh Kumar Jha\\\",·\n      title: \\\"Developer\\\",·\n      ig: \\\"https://www.instagram.com/its_avneesh_15?igsh=bjJuOWFoM2hidzZ0\\\",·\n      linkedin: \\\"https://www.linkedin.com/in/avneesh-kumar-jha-443034319?utm_source=share_via&utm_content=profile&utm_medium=member_android\\\",·\n      github: \\\"https://github.com/techninja15\\\",·\n      gradient: \\\"from-blue-600/20 to-cyan-600/20\\\",·\n      border: \\\"border-blue-500/30 hover:border-blue-500/60\\\",·\n      iconColor: \\\"text-blue-400\\\"·\n    },·\n    {·\n      name: \\\"Ashutosh Sahu\\\",·\n      title: \\\"Growth & Strategy\\\",·\n      ig: \\\"https://www.instagram.com/_ashutosh.__.sahu_?igsh=dXIxdHhhcGo5N2N4\\\",·\n      linkedin: \\\"https://www.linkedin.com/in/ashutoshsahu-/\\\",·\n      gradient: \\\"from-yellow-500/20 to-orange-600/20\\\",·\n      border: \\\"border-yellow-500/30 hover:border-yellow-500/60\\\",·\n      iconColor: \\\"text-yellow-500\\\"·\n    },·\n    {·\n      name: \\\"Tushar Shendey\\\",·\n      title: \\\"Operations & Community\\\",·\n      ig: \\\"https://www.instagram.com/tusharr.30_?igsh=YWVqMHo2NWt2bTBh\\\",·\n      linkedin: \\\"https://www.linkedin.com/in/tushar-shendey-099a7334a/\\\",·\n      gradient: \\\"from-green-500/20 to-teal-500/20\\\",·\n      border: \\\"border-green-500/30 hover:border-green-500/60\\\",·\n      iconColor: \\\"text-green-400\\\"·\n    },·\n    {·\n      name: \\\"Shreyy Sharma\\\",·\n      title: \\\"Growth & Marketing\\\",·\n      ig: \\\"https://www.instagram.com/hazelxcappuccino?igsh=MTg4M3JrbGM1N3U3Nw==\\\",·\n      gradient: \\\"from-pink-500/20 to-rose-600/20\\\",·\n      border: \\\"border-pink-500/30 hover:border-pink-500/60\\\",·\n      iconColor: \\\"text-pink-500\\\"·\n    }·\n  ];···\n  return (·\n    <div className=\\\"h-screen h-[100dvh] w-full overflow-y-auto overflow-x-hidden bg-black flex flex-col items-center relative py-20 px-6\\\" style={{ WebkitOverflowScrolling: 'touch' }}>·\n      {/* Background Ambience */}·\n      <div className=\\\"fixed inset-0 pointer-events-none\\\">·\n        <div className=\\\"absolute top-[-20%] right-[10%] w-[800px] h-[800px] bg-neon/5 blur-[120px] rounded-full animate-pulse-slow\\\" />·\n        <div className=\\\"absolute bottom-[-10%] left-[-10%] w-[600px] h-[600px] bg-blue-600/5 blur-[120px] rounded-full\\\" />·\n      </div>···\n      <Link·\n        href=\\\"/\\\"·\n        className=\\\"fixed top-6 left-6 text-gray-400 hover:text-white flex items-center gap-2 transition-colors z-20\\\"·\n      >·\n        <ArrowLeft className=\\\"w-6 h-6\\\" /> Back·\n      </Link>···\n      <div className=\\\"relative z-10 w-full max-w-6xl animate-fade-in-up mt-8\\\">·\n        <h1 className=\\\"text-4xl md:text-5xl font-black text-white text-center mb-4 uppercase tracking-tighter\\\">·\n          The <span className=\\\"text-transparent bg-clip-text bg-gradient-to-r from-neon to-purple-500\\\">Core Team</span>·\n        </h1>·\n        <p className=\\\"text-gray-500 text-center mb-16 font-mono text-sm tracking-widest uppercase\\\">Building the future of connection</p>···\n        {/* Developers Row */}·\n        <div className=\\\"grid grid-cols-1 md:grid-cols-2 gap-8 px-4 mb-8\\\">·\n          {team.slice(0, 2).map((dev, i) => (·\n            <div key={i} className={`relative bg-gray-900/40 backdrop-blur-xl border ${dev.border} rounded-[2rem] p-8 transition-all hover:scale-[1.02] hover:bg-gray-900/60 group`}>·\n              <div className={`absolute inset-0 bg-gradient-to-br ${dev.gradient} opacity-0 group-hover:opacity-100 transition-opacity rounded-[2rem] pointer-events-none`} />···\n              <div className=\\\"relative z-10 flex flex-col items-center text-center\\\">·\n                <h2 className=\\\"text-3xl font-bold text-white mb-2\\\">{dev.name}</h2>·\n                <p className={`text-xs uppercase tracking-widest font-bold mb-8 ${dev.iconColor}`}>{dev.title}</p>···················\n                <div className=\\\"flex gap-4 mb-4\\\">·\n                  {dev.ig && (·\n                    <a href={dev.ig} target=\\\"_blank\\\" rel=\\\"noopener noreferrer\\\" className=\\\"p-3 bg-white/5 hover:bg-white/10 border border-white/10 hover:border-white/30 rounded-full transition-all group-hover:-translate-y-1\\\">·\n                      <Instagram className=\\\"w-5 h-5 text-gray-300 hover:text-white\\\" />·\n                    </a>·\n                  )}·\n                  {dev.linkedin && (·\n                    <a href={dev.linkedin} target=\\\"_blank\\\" rel=\\\"noopener noreferrer\\\" className=\\\"p-3 bg-white/5 hover:bg-white/10 border border-white/10 hover:border-white/30 rounded-full transition-all group-hover:-translate-y-1 delay-75\\\">·\n                      <Linkedin className=\\\"w-5 h-5 text-gray-300 hover:text-white\\\" />·\n                    </a>·\n                  )}·\n                  {dev.github && (·\n                    <a href={dev.github} target=\\\"_blank\\\" rel=\\\"noopener noreferrer\\\" className=\\\"p-3 bg-white/5 hover:bg-white/10 border border-white/10 hover:border-white/30 rounded-full transition-all group-hover:-translate-y-1 delay-150\\\">·\n                      <Github className=\\\"w-5 h-5 text-gray-300 hover:text-white\\\" />·\n                    </a>·\n                  )}·\n                </div>·\n              </div>·\n            </div>·\n          ))}·\n        </div>···\n        {/* Growth & Ops Row */}·\n        <div className=\\\"grid grid-cols-1 md:grid-cols-3 gap-8 px-4\\\">·\n          {team.slice(2).map((member, i) => (·\n            <div key={i + 2} className={`relative bg-gray-900/40 backdrop-blur-xl border ${member.border} rounded-[2rem] p-8 transition-all hover:scale-[1.02] hover:bg-gray-900/60 group`}>·\n              <div className={`absolute inset-0 bg-gradient-to-br ${member.gradient} opacity-0 group-hover:opacity-100 transition-opacity rounded-[2rem] pointer-events-none`} />···\n              <div className=\\\"relative z-10 flex flex-col items-center text-center\\\">·\n                <h2 className=\\\"text-2xl font-bold text-white mb-2\\\">{member.name}</h2>·\n                <p className={`text-xs uppercase tracking-widest font-bold mb-8 ${member.iconColor}`}>{member.title}</p>···················\n                <div className=\\\"flex gap-4 mb-4\\\">·\n                  {member.ig && (·\n                    <a href={member.ig} target=\\\"_blank\\\" rel=\\\"noopener noreferrer\\\" className=\\\"p-3 bg-white/5 hover:bg-white/10 border border-white/10 hover:border-white/30 rounded-full transition-all group-hover:-translate-y-1\\\">·\n                      <Instagram className=\\\"w-4 h-4 text-gray-300 hover:text-white\\\" />·\n                    </a>·\n                  )}·\n                  {member.linkedin && (·\n                    <a href={member.linkedin} target=\\\"_blank\\\" rel=\\\"noopener noreferrer\\\" className=\\\"p-3 bg-white/5 hover:bg-white/10 border border-white/10 hover:border-white/30 rounded-full transition-all group-hover:-translate-y-1 delay-75\\\">·\n                      <Linkedin className=\\\"w-4 h-4 text-gray-300 hover:text-white\\\" />·\n                    </a>·\n                  )}·\n                   {(!member.ig && !member.linkedin) && (·\n                    <div className=\\\"h-[42px] flex items-center\\\">·\n                      <span className=\\\"text-xs text-gray-500 italic uppercase\\\">On the grind</span>·\n                    </div>·\n                  )}·\n                </div>·\n              </div>·\n            </div>·\n          ))}·\n        </div>···\n        <div className=\\\"mt-20 text-center\\\">·\n          <p className=\\\"text-gray-600 text-xs font-mono\\\">·\n            Running v3.0.0-turbo • Built with ❤️ in India By College Students·\n          </p>·\n        </div>·\n      </div>·\n    </div>·\n  );·\n};·\n\"","pass":false}}],"failureMessages":["Error: expect(received).toMatch(expected)\n\nExpected pattern: /<Link href=/\nReceived string:  \"import React from 'react';·\nimport Link from 'next/link';·\nimport { ArrowLeft, Instagram, Linkedin, Github } from 'lucide-react';···\nexport const Developers: React.FC = () => {···\n  const team = [·\n    {·\n      name: \\\"Nikhil Yadav\\\",·\n      title: \\\"Developer\\\",·\n      ig: \\\"https://www.instagram.com/nikhil_on_clouds?igsh=MTVscTYwd3VtbzlhZw==\\\",·\n      linkedin: \\\"https://www.linkedin.com/in/nikhil1yadav/\\\",·\n      github: \\\"https://github.com/Nikhil-Vzo\\\",·\n      gradient: \\\"from-neon/20 to-purple-600/20\\\",·\n      border: \\\"border-neon/30 hover:border-neon/60\\\",·\n      iconColor: \\\"text-neon\\\"·\n    },·\n    {·\n      name: \\\"Avneesh Kumar Jha\\\",·\n      title: \\\"Developer\\\",·\n      ig: \\\"https://www.instagram.com/its_avneesh_15?igsh=bjJuOWFoM2hidzZ0\\\",·\n      linkedin: \\\"https://www.linkedin.com/in/avneesh-kumar-jha-443034319?utm_source=share_via&utm_content=profile&utm_medium=member_android\\\",·\n      github: \\\"https://github.com/techninja15\\\",·\n      gradient: \\\"from-blue-600/20 to-cyan-600/20\\\",·\n      border: \\\"border-blue-500/30 hover:border-blue-500/60\\\",·\n      iconColor: \\\"text-blue-400\\\"·\n    },·\n    {·\n      name: \\\"Ashutosh Sahu\\\",·\n      title: \\\"Growth & Strategy\\\",·\n      ig: \\\"https://www.instagram.com/_ashutosh.__.sahu_?igsh=dXIxdHhhcGo5N2N4\\\",·\n      linkedin: \\\"https://www.linkedin.com/in/ashutoshsahu-/\\\",·\n      gradient: \\\"from-yellow-500/20 to-orange-600/20\\\",·\n      border: \\\"border-yellow-500/30 hover:border-yellow-500/60\\\",·\n      iconColor: \\\"text-yellow-500\\\"·\n    },·\n    {·\n      name: \\\"Tushar Shendey\\\",·\n      title: \\\"Operations & Community\\\",·\n      ig: \\\"https://www.instagram.com/tusharr.30_?igsh=YWVqMHo2NWt2bTBh\\\",·\n      linkedin: \\\"https://www.linkedin.com/in/tushar-shendey-099a7334a/\\\",·\n      gradient: \\\"from-green-500/20 to-teal-500/20\\\",·\n      border: \\\"border-green-500/30 hover:border-green-500/60\\\",·\n      iconColor: \\\"text-green-400\\\"·\n    },·\n    {·\n      name: \\\"Shreyy Sharma\\\",·\n      title: \\\"Growth & Marketing\\\",·\n      ig: \\\"https://www.instagram.com/hazelxcappuccino?igsh=MTg4M3JrbGM1N3U3Nw==\\\",·\n      gradient: \\\"from-pink-500/20 to-rose-600/20\\\",·\n      border: \\\"border-pink-500/30 hover:border-pink-500/60\\\",·\n      iconColor: \\\"text-pink-500\\\"·\n    }·\n  ];···\n  return (·\n    <div className=\\\"h-screen h-[100dvh] w-full overflow-y-auto overflow-x-hidden bg-black flex flex-col items-center relative py-20 px-6\\\" style={{ WebkitOverflowScrolling: 'touch' }}>·\n      {/* Background Ambience */}·\n      <div className=\\\"fixed inset-0 pointer-events-none\\\">·\n        <div className=\\\"absolute top-[-20%] right-[10%] w-[800px] h-[800px] bg-neon/5 blur-[120px] rounded-full animate-pulse-slow\\\" />·\n        <div className=\\\"absolute bottom-[-10%] left-[-10%] w-[600px] h-[600px] bg-blue-600/5 blur-[120px] rounded-full\\\" />·\n      </div>···\n      <Link·\n        href=\\\"/\\\"·\n        className=\\\"fixed top-6 left-6 text-gray-400 hover:text-white flex items-center gap-2 transition-colors z-20\\\"·\n      >·\n        <ArrowLeft className=\\\"w-6 h-6\\\" /> Back·\n      </Link>···\n      <div className=\\\"relative z-10 w-full max-w-6xl animate-fade-in-up mt-8\\\">·\n        <h1 className=\\\"text-4xl md:text-5xl font-black text-white text-center mb-4 uppercase tracking-tighter\\\">·\n          The <span className=\\\"text-transparent bg-clip-text bg-gradient-to-r from-neon to-purple-500\\\">Core Team</span>·\n        </h1>·\n        <p className=\\\"text-gray-500 text-center mb-16 font-mono text-sm tracking-widest uppercase\\\">Building the future of connection</p>···\n        {/* Developers Row */}·\n        <div className=\\\"grid grid-cols-1 md:grid-cols-2 gap-8 px-4 mb-8\\\">·\n          {team.slice(0, 2).map((dev, i) => (·\n            <div key={i} className={`relative bg-gray-900/40 backdrop-blur-xl border ${dev.border} rounded-[2rem] p-8 transition-all hover:scale-[1.02] hover:bg-gray-900/60 group`}>·\n              <div className={`absolute inset-0 bg-gradient-to-br ${dev.gradient} opacity-0 group-hover:opacity-100 transition-opacity rounded-[2rem] pointer-events-none`} />···\n              <div className=\\\"relative z-10 flex flex-col items-center text-center\\\">·\n                <h2 className=\\\"text-3xl font-bold text-white mb-2\\\">{dev.name}</h2>·\n                <p className={`text-xs uppercase tracking-widest font-bold mb-8 ${dev.iconColor}`}>{dev.title}</p>···················\n                <div className=\\\"flex gap-4 mb-4\\\">·\n                  {dev.ig && (·\n                    <a href={dev.ig} target=\\\"_blank\\\" rel=\\\"noopener noreferrer\\\" className=\\\"p-3 bg-white/5 hover:bg-white/10 border border-white/10 hover:border-white/30 rounded-full transition-all group-hover:-translate-y-1\\\">·\n                      <Instagram className=\\\"w-5 h-5 text-gray-300 hover:text-white\\\" />·\n                    </a>·\n                  )}·\n                  {dev.linkedin && (·\n                    <a href={dev.linkedin} target=\\\"_blank\\\" rel=\\\"noopener noreferrer\\\" className=\\\"p-3 bg-white/5 hover:bg-white/10 border border-white/10 hover:border-white/30 rounded-full transition-all group-hover:-translate-y-1 delay-75\\\">·\n                      <Linkedin className=\\\"w-5 h-5 text-gray-300 hover:text-white\\\" />·\n                    </a>·\n                  )}·\n                  {dev.github && (·\n                    <a href={dev.github} target=\\\"_blank\\\" rel=\\\"noopener noreferrer\\\" className=\\\"p-3 bg-white/5 hover:bg-white/10 border border-white/10 hover:border-white/30 rounded-full transition-all group-hover:-translate-y-1 delay-150\\\">·\n                      <Github className=\\\"w-5 h-5 text-gray-300 hover:text-white\\\" />·\n                    </a>·\n                  )}·\n                </div>·\n              </div>·\n            </div>·\n          ))}·\n        </div>···\n        {/* Growth & Ops Row */}·\n        <div className=\\\"grid grid-cols-1 md:grid-cols-3 gap-8 px-4\\\">·\n          {team.slice(2).map((member, i) => (·\n            <div key={i + 2} className={`relative bg-gray-900/40 backdrop-blur-xl border ${member.border} rounded-[2rem] p-8 transition-all hover:scale-[1.02] hover:bg-gray-900/60 group`}>·\n              <div className={`absolute inset-0 bg-gradient-to-br ${member.gradient} opacity-0 group-hover:opacity-100 transition-opacity rounded-[2rem] pointer-events-none`} />···\n              <div className=\\\"relative z-10 flex flex-col items-center text-center\\\">·\n                <h2 className=\\\"text-2xl font-bold text-white mb-2\\\">{member.name}</h2>·\n                <p className={`text-xs uppercase tracking-widest font-bold mb-8 ${member.iconColor}`}>{member.title}</p>···················\n                <div className=\\\"flex gap-4 mb-4\\\">·\n                  {member.ig && (·\n                    <a href={member.ig} target=\\\"_blank\\\" rel=\\\"noopener noreferrer\\\" className=\\\"p-3 bg-white/5 hover:bg-white/10 border border-white/10 hover:border-white/30 rounded-full transition-all group-hover:-translate-y-1\\\">·\n                      <Instagram className=\\\"w-4 h-4 text-gray-300 hover:text-white\\\" />·\n                    </a>·\n                  )}·\n                  {member.linkedin && (·\n                    <a href={member.linkedin} target=\\\"_blank\\\" rel=\\\"noopener noreferrer\\\" className=\\\"p-3 bg-white/5 hover:bg-white/10 border border-white/10 hover:border-white/30 rounded-full transition-all group-hover:-translate-y-1 delay-75\\\">·\n                      <Linkedin className=\\\"w-4 h-4 text-gray-300 hover:text-white\\\" />·\n                    </a>·\n                  )}·\n                   {(!member.ig && !member.linkedin) && (·\n                    <div className=\\\"h-[42px] flex items-center\\\">·\n                      <span className=\\\"text-xs text-gray-500 italic uppercase\\\">On the grind</span>·\n                    </div>·\n                  )}·\n                </div>·\n              </div>·\n            </div>·\n          ))}·\n        </div>···\n        <div className=\\\"mt-20 text-center\\\">·\n          <p className=\\\"text-gray-600 text-xs font-mono\\\">·\n            Running v3.0.0-turbo • Built with ❤️ in India By College Students·\n          </p>·\n        </div>·\n      </div>·\n    </div>·\n  );·\n};·\n\"\n    at Object.toMatch (C:\\Users\\nikhi\\Downloads\\othrhalff prod\\client\\__tests__\\app\\navigation-migration.test.ts:231:20)\n    at Promise.finally.completed (C:\\Users\\nikhi\\Downloads\\othrhalff prod\\node_modules\\jest-circus\\build\\jestAdapterInit.js:1561:28)\n    at new Promise (<anonymous>)\n    at callAsyncCircusFn (C:\\Users\\nikhi\\Downloads\\othrhalff prod\\node_modules\\jest-circus\\build\\jestAdapterInit.js:1501:10)\n    at _callCircusTest (C:\\Users\\nikhi\\Downloads\\othrhalff prod\\node_modules\\jest-circus\\build\\jestAdapterInit.js:1011:40)\n    at _runTest (C:\\Users\\nikhi\\Downloads\\othrhalff prod\\node_modules\\jest-circus\\build\\jestAdapterInit.js:951:3)\n    at C:\\Users\\nikhi\\Downloads\\othrhalff prod\\node_modules\\jest-circus\\build\\jestAdapterInit.js:853:7\n    at _runTestsForDescribeBlock (C:\\Users\\nikhi\\Downloads\\othrhalff prod\\node_modules\\jest-circus\\build\\jestAdapterInit.js:866:11)\n    at _runTestsForDescribeBlock (C:\\Users\\nikhi\\Downloads\\othrhalff prod\\node_modules\\jest-circus\\build\\jestAdapterInit.js:861:11)\n    at run (C:\\Users\\nikhi\\Downloads\\othrhalff prod\\node_modules\\jest-circus\\build\\jestAdapterInit.js:765:3)\n    at runAndTransformResultsToJestFormat (C:\\Users\\nikhi\\Downloads\\othrhalff prod\\node_modules\\jest-circus\\build\\jestAdapterInit.js:1993:21)\n    at jestAdapter (C:\\Users\\nikhi\\Downloads\\othrhalff prod\\node_modules\\jest-circus\\build\\runner.js:111:19)\n    at runTestInternal (C:\\Users\\nikhi\\Downloads\\othrhalff prod\\node_modules\\jest-runner\\build\\index.js:276:16)\n    at runTest (C:\\Users\\nikhi\\Downloads\\othrhalff prod\\node_modules\\jest-runner\\build\\index.js:344:7)"],"fullName":"Developers.tsx migration (src/views/Developers.tsx) uses Link href= attribute (not to=)","invocations":1,"location":null,"numPassingAsserts":1,"retryReasons":[],"startAt":1781277293448,"status":"failed","title":"uses Link href= attribute (not to=)"},{"ancestorTitles":["Home.tsx migration (src/views/Home.tsx)"],"duration":0,"failing":false,"failureDetails":[],"failureMessages":[],"fullName":"Home.tsx migration (src/views/Home.tsx) does not import from react-router-dom","invocations":1,"location":null,"numPassingAsserts":2,"retryReasons":[],"startAt":1781277293456,"status":"passed","title":"does not import from react-router-dom"},{"ancestorTitles":["Home.tsx migration (src/views/Home.tsx)"],"duration":0,"failing":false,"failureDetails":[],"failureMessages":[],"fullName":"Home.tsx migration (src/views/Home.tsx) imports from next/navigation","invocations":1,"location":null,"numPassingAsserts":1,"retryReasons":[],"startAt":1781277293456,"status":"passed","title":"imports from next/navigation"},{"ancestorTitles":["Home.tsx migration (src/views/Home.tsx)"],"duration":1,"failing":false,"failureDetails":[],"failureMessages":[],"fullName":"Home.tsx migration (src/views/Home.tsx) uses navigate.push() for navigation","invocations":1,"location":null,"numPassingAsserts":1,"retryReasons":[],"startAt":1781277293456,"status":"passed","title":"uses navigate.push() for navigation"},{"ancestorTitles":["Landing.tsx migration (src/views/Landing.tsx)"],"duration":0,"failing":false,"failureDetails":[],"failureMessages":[],"fullName":"Landing.tsx migration (src/views/Landing.tsx) does not import from react-router-dom","invocations":1,"location":null,"numPassingAsserts":2,"retryReasons":[],"startAt":1781277293457,"status":"passed","title":"does not import from react-router-dom"},{"ancestorTitles":["Landing.tsx migration (src/views/Landing.tsx)"],"duration":0,"failing":false,"failureDetails":[],"failureMessages":[],"fullName":"Landing.tsx migration (src/views/Landing.tsx) imports Link from next/link","invocations":1,"location":null,"numPassingAsserts":1,"retryReasons":[],"startAt":1781277293457,"status":"passed","title":"imports Link from next/link"},{"ancestorTitles":["Landing.tsx migration (src/views/Landing.tsx)"],"duration":0,"failing":false,"failureDetails":[],"failureMessages":[],"fullName":"Landing.tsx migration (src/views/Landing.tsx) imports useRouter from next/navigation","invocations":1,"location":null,"numPassingAsserts":1,"retryReasons":[],"startAt":1781277293457,"status":"passed","title":"imports useRouter from next/navigation"},{"ancestorTitles":["Landing.tsx migration (src/views/Landing.tsx)"],"duration":0,"failing":false,"failureDetails":[],"failureMessages":[],"fullName":"Landing.tsx migration (src/views/Landing.tsx) uses navigate.push() for programmatic navigation","invocations":1,"location":null,"numPassingAsserts":1,"retryReasons":[],"startAt":1781277293458,"status":"passed","title":"uses navigate.push() for programmatic navigation"},{"ancestorTitles":["Landing.tsx migration (src/views/Landing.tsx)"],"duration":0,"failing":false,"failureDetails":[],"failureMessages":[],"fullName":"Landing.tsx migration (src/views/Landing.tsx) uses Link href= attribute (not to=)","invocations":1,"location":null,"numPassingAsserts":2,"retryReasons":[],"startAt":1781277293458,"status":"passed","title":"uses Link href= attribute (not to=)"},{"ancestorTitles":["Landing.tsx migration (src/views/Landing.tsx)"],"duration":0,"failing":false,"failureDetails":[],"failureMessages":[],"fullName":"Landing.tsx migration (src/views/Landing.tsx) has \"use client\" directive","invocations":1,"location":null,"numPassingAsserts":1,"retryReasons":[],"startAt":1781277293458,"status":"passed","title":"has \"use client\" directive"},{"ancestorTitles":["Login.tsx migration (src/views/Login.tsx)"],"duration":0,"failing":false,"failureDetails":[],"failureMessages":[],"fullName":"Login.tsx migration (src/views/Login.tsx) does not import from react-router-dom","invocations":1,"location":null,"numPassingAsserts":2,"retryReasons":[],"startAt":1781277293459,"status":"passed","title":"does not import from react-router-dom"},{"ancestorTitles":["Login.tsx migration (src/views/Login.tsx)"],"duration":0,"failing":false,"failureDetails":[],"failureMessages":[],"fullName":"Login.tsx migration (src/views/Login.tsx) imports Link from next/link","invocations":1,"location":null,"numPassingAsserts":1,"retryReasons":[],"startAt":1781277293459,"status":"passed","title":"imports Link from next/link"},{"ancestorTitles":["Login.tsx migration (src/views/Login.tsx)"],"duration":0,"failing":false,"failureDetails":[],"failureMessages":[],"fullName":"Login.tsx migration (src/views/Login.tsx) imports useRouter from next/navigation","invocations":1,"location":null,"numPassingAsserts":1,"retryReasons":[],"startAt":1781277293459,"status":"passed","title":"imports useRouter from next/navigation"},{"ancestorTitles":["Login.tsx migration (src/views/Login.tsx)"],"duration":0,"failing":false,"failureDetails":[],"failureMessages":[],"fullName":"Login.tsx migration (src/views/Login.tsx) uses navigate.push() to go home","invocations":1,"location":null,"numPassingAsserts":1,"retryReasons":[],"startAt":1781277293459,"status":"passed","title":"uses navigate.push() to go home"},{"ancestorTitles":["Login.tsx migration (src/views/Login.tsx)"],"duration":0,"failing":false,"failureDetails":[],"failureMessages":[],"fullName":"Login.tsx migration (src/views/Login.tsx) uses Link href= attribute for terms and privacy links","invocations":1,"location":null,"numPassingAsserts":2,"retryReasons":[],"startAt":1781277293460,"status":"passed","title":"uses Link href= attribute for terms and privacy links"},{"ancestorTitles":["Matches.tsx migration (src/views/Matches.tsx)"],"duration":0,"failing":false,"failureDetails":[],"failureMessages":[],"fullName":"Matches.tsx migration (src/views/Matches.tsx) does not import from react-router-dom","invocations":1,"location":null,"numPassingAsserts":2,"retryReasons":[],"startAt":1781277293460,"status":"passed","title":"does not import from react-router-dom"},{"ancestorTitles":["Matches.tsx migration (src/views/Matches.tsx)"],"duration":0,"failing":false,"failureDetails":[],"failureMessages":[],"fullName":"Matches.tsx migration (src/views/Matches.tsx) imports from next/navigation","invocations":1,"location":null,"numPassingAsserts":1,"retryReasons":[],"startAt":1781277293460,"status":"passed","title":"imports from next/navigation"},{"ancestorTitles":["Matches.tsx migration (src/views/Matches.tsx)"],"duration":0,"failing":false,"failureDetails":[],"failureMessages":[],"fullName":"Matches.tsx migration (src/views/Matches.tsx) uses navigate.push() to navigate to home","invocations":1,"location":null,"numPassingAsserts":1,"retryReasons":[],"startAt":1781277293460,"status":"passed","title":"uses navigate.push() to navigate to home"},{"ancestorTitles":["Matches.tsx migration (src/views/Matches.tsx)"],"duration":0,"failing":false,"failureDetails":[],"failureMessages":[],"fullName":"Matches.tsx migration (src/views/Matches.tsx) uses navigate.push() for chat navigation","invocations":1,"location":null,"numPassingAsserts":1,"retryReasons":[],"startAt":1781277293461,"status":"passed","title":"uses navigate.push() for chat navigation"},{"ancestorTitles":["Matches.tsx migration (src/views/Matches.tsx)"],"duration":0,"failing":false,"failureDetails":[],"failureMessages":[],"fullName":"Matches.tsx migration (src/views/Matches.tsx) does not pass route state object to navigation (state not supported in Next.js router)","invocations":1,"location":null,"numPassingAsserts":1,"retryReasons":[],"startAt":1781277293461,"status":"passed","title":"does not pass route state object to navigation (state not supported in Next.js router)"},{"ancestorTitles":["Notifications.tsx migration (src/views/Notifications.tsx)"],"duration":0,"failing":false,"failureDetails":[],"failureMessages":[],"fullName":"Notifications.tsx migration (src/views/Notifications.tsx) does not import from react-router-dom","invocations":1,"location":null,"numPassingAsserts":2,"retryReasons":[],"startAt":1781277293461,"status":"passed","title":"does not import from react-router-dom"},{"ancestorTitles":["Notifications.tsx migration (src/views/Notifications.tsx)"],"duration":0,"failing":false,"failureDetails":[],"failureMessages":[],"fullName":"Notifications.tsx migration (src/views/Notifications.tsx) imports from next/navigation","invocations":1,"location":null,"numPassingAsserts":1,"retryReasons":[],"startAt":1781277293462,"status":"passed","title":"imports from next/navigation"},{"ancestorTitles":["Notifications.tsx migration (src/views/Notifications.tsx)"],"duration":0,"failing":false,"failureDetails":[],"failureMessages":[],"fullName":"Notifications.tsx migration (src/views/Notifications.tsx) uses navigate.push() to navigate to matches","invocations":1,"location":null,"numPassingAsserts":1,"retryReasons":[],"startAt":1781277293462,"status":"passed","title":"uses navigate.push() to navigate to matches"},{"ancestorTitles":["Notifications.tsx migration (src/views/Notifications.tsx)"],"duration":0,"failing":false,"failureDetails":[],"failureMessages":[],"fullName":"Notifications.tsx migration (src/views/Notifications.tsx) uses navigate.push() to navigate to chat","invocations":1,"location":null,"numPassingAsserts":1,"retryReasons":[],"startAt":1781277293462,"status":"passed","title":"uses navigate.push() to navigate to chat"},{"ancestorTitles":["Notifications.tsx migration (src/views/Notifications.tsx)"],"duration":0,"failing":false,"failureDetails":[],"failureMessages":[],"fullName":"Notifications.tsx migration (src/views/Notifications.tsx) does not use navigate(-1)","invocations":1,"location":null,"numPassingAsserts":1,"retryReasons":[],"startAt":1781277293462,"status":"passed","title":"does not use navigate(-1)"},{"ancestorTitles":["Onboarding.tsx migration (src/views/Onboarding.tsx)"],"duration":0,"failing":false,"failureDetails":[],"failureMessages":[],"fullName":"Onboarding.tsx migration (src/views/Onboarding.tsx) does not import from react-router-dom","invocations":1,"location":null,"numPassingAsserts":2,"retryReasons":[],"startAt":1781277293463,"status":"passed","title":"does not import from react-router-dom"},{"ancestorTitles":["Onboarding.tsx migration (src/views/Onboarding.tsx)"],"duration":0,"failing":false,"failureDetails":[],"failureMessages":[],"fullName":"Onboarding.tsx migration (src/views/Onboarding.tsx) imports from next/navigation","invocations":1,"location":null,"numPassingAsserts":1,"retryReasons":[],"startAt":1781277293463,"status":"passed","title":"imports from next/navigation"},{"ancestorTitles":["Onboarding.tsx migration (src/views/Onboarding.tsx)"],"duration":1,"failing":false,"failureDetails":[],"failureMessages":[],"fullName":"Onboarding.tsx migration (src/views/Onboarding.tsx) uses navigate.push() to navigate to home after onboarding","invocations":1,"location":null,"numPassingAsserts":1,"retryReasons":[],"startAt":1781277293463,"status":"passed","title":"uses navigate.push() to navigate to home after onboarding"},{"ancestorTitles":["Profile.tsx migration (src/views/Profile.tsx)"],"duration":0,"failing":false,"failureDetails":[],"failureMessages":[],"fullName":"Profile.tsx migration (src/views/Profile.tsx) does not import from react-router-dom","invocations":1,"location":null,"numPassingAsserts":2,"retryReasons":[],"startAt":1781277293464,"status":"passed","title":"does not import from react-router-dom"},{"ancestorTitles":["Profile.tsx migration (src/views/Profile.tsx)"],"duration":0,"failing":false,"failureDetails":[],"failureMessages":[],"fullName":"Profile.tsx migration (src/views/Profile.tsx) imports from next/navigation","invocations":1,"location":null,"numPassingAsserts":1,"retryReasons":[],"startAt":1781277293464,"status":"passed","title":"imports from next/navigation"},{"ancestorTitles":["Profile.tsx migration (src/views/Profile.tsx)"],"duration":0,"failing":false,"failureDetails":[],"failureMessages":[],"fullName":"Profile.tsx migration (src/views/Profile.tsx) uses navigate.back() instead of navigate(-1)","invocations":1,"location":null,"numPassingAsserts":2,"retryReasons":[],"startAt":1781277293464,"status":"passed","title":"uses navigate.back() instead of navigate(-1)"},{"ancestorTitles":["Profile.tsx migration (src/views/Profile.tsx)"],"duration":0,"failing":false,"failureDetails":[],"failureMessages":[],"fullName":"Profile.tsx migration (src/views/Profile.tsx) uses navigate.push() for internal navigation","invocations":1,"location":null,"numPassingAsserts":1,"retryReasons":[],"startAt":1781277293465,"status":"passed","title":"uses navigate.push() for internal navigation"},{"ancestorTitles":["Profile.tsx migration (src/views/Profile.tsx)"],"duration":0,"failing":false,"failureDetails":[],"failureMessages":[],"fullName":"Profile.tsx migration (src/views/Profile.tsx) uses navigate.push() for chat navigation from profile","invocations":1,"location":null,"numPassingAsserts":1,"retryReasons":[],"startAt":1781277293465,"status":"passed","title":"uses navigate.push() for chat navigation from profile"},{"ancestorTitles":["StaticPages.tsx migration (src/views/StaticPages.tsx)"],"duration":1,"failing":false,"failureDetails":[],"failureMessages":[],"fullName":"StaticPages.tsx migration (src/views/StaticPages.tsx) does not import from react-router-dom","invocations":1,"location":null,"numPassingAsserts":2,"retryReasons":[],"startAt":1781277293465,"status":"passed","title":"does not import from react-router-dom"},{"ancestorTitles":["StaticPages.tsx migration (src/views/StaticPages.tsx)"],"duration":0,"failing":false,"failureDetails":[],"failureMessages":[],"fullName":"StaticPages.tsx migration (src/views/StaticPages.tsx) imports Link from next/link","invocations":1,"location":null,"numPassingAsserts":1,"retryReasons":[],"startAt":1781277293466,"status":"passed","title":"imports Link from next/link"},{"ancestorTitles":["StaticPages.tsx migration (src/views/StaticPages.tsx)"],"duration":1,"failing":false,"failureDetails":[{"matcherResult":{"message":"expect(received).toMatch(expected)\n\nExpected pattern: /<Link href=/\nReceived string:  \"import React from 'react';·\nimport Link from 'next/link';·\nimport { RotateCcw, Ghost, Shield, Heart, Briefcase, AlertTriangle, CheckCircle2, Lock, Scale } from 'lucide-react';···\n// --- Shared Layout Component ---·\nconst PageLayout: React.FC<{ title: string; icon: React.ReactNode; children: React.ReactNode }> = ({ title, icon, children }) => {·\n  return (·\n    <div className=\\\"h-screen w-full overflow-y-auto overflow-x-hidden bg-black text-white font-sans selection:bg-neon selection:text-white p-6 pb-20 relative\\\">·\n      {/* Background Ambience */}·\n      <div className=\\\"absolute top-[-10%] left-[-10%] w-[500px] h-[500px] bg-neon/10 blur-[120px] rounded-full pointer-events-none\\\" />···\n      <div className=\\\"max-w-4xl mx-auto relative z-10\\\">·\n        <Link·\n          href=\\\"/profile\\\"·\n          className=\\\"inline-flex items-center gap-2 px-4 py-2 bg-gray-900/50 hover:bg-gray-800 border border-gray-800 hover:border-neon/50 text-gray-400 hover:text-white rounded-full transition-all mb-8 group shadow-sm hover:shadow-neon-sm\\\"·\n        >·\n          <RotateCcw className=\\\"w-4 h-4 group-hover:-rotate-90 transition-transform text-gray-500 group-hover:text-neon\\\" />·\n          <span className=\\\"text-sm font-bold tracking-wide\\\">Back to Profile</span>·\n        </Link>···\n        <div className=\\\"flex items-center gap-4 mb-12\\\">·\n          <div className=\\\"w-16 h-16 bg-gray-900 rounded-2xl flex items-center justify-center border border-gray-800 shadow-neon-sm shrink-0\\\">·\n            {icon}·\n          </div>·\n          <h1 className=\\\"text-3xl md:text-5xl font-black tracking-tighter uppercase leading-tight\\\">{title}</h1>·\n        </div>···\n        <div className=\\\"bg-gray-900/30 border border-gray-800 rounded-3xl p-8 md:p-12 backdrop-blur-sm animate-fade-in leading-relaxed text-gray-300 space-y-8 text-sm md:text-base\\\">·\n          {children}·\n        </div>···\n        <div className=\\\"mt-12 text-center text-gray-600 text-xs\\\">·\n          &copy; {new Date().getFullYear()} Othrhalff Inc. All rights reserved.·\n        </div>·\n      </div>·\n    </div>·\n  );·\n};···\n// --- Page Components ---···\nexport const About: React.FC = () => (·\n  <PageLayout title=\\\"About Us\\\" icon={<Ghost className=\\\"w-8 h-8 text-neon\\\" />}>·\n    <p className=\\\"text-xl text-white font-bold mb-4\\\">We believe dating shouldn't be a popularity contest.</p>·\n    <p>·\n      Othrhalff was born in a dorm room with a simple mission: to bring connection back to campus life without the pressure of superficial swiping.·\n    </p>·\n    <div className=\\\"p-6 border border-yellow-500/30 bg-yellow-500/5 rounded-xl\\\">·\n      <h4 className=\\\"text-yellow-500 font-bold mb-2 flex items-center gap-2\\\"><AlertTriangle className=\\\"w-4 h-4\\\" /> Disclaimer</h4>·\n      <p className=\\\"text-xs text-yellow-200/70\\\">·\n        Othrhalff is an independent platform and is <strong>not affiliated, associated, authorized, endorsed by, or in any way officially connected</strong> with any university, college, or educational institution mentioned on this site. All product and company names are trademarks™ or registered® trademarks of their respective holders. Use of them does not imply any affiliation with or endorsement by them.·\n      </p>·\n    </div>·\n    <div className=\\\"grid grid-cols-1 md:grid-cols-3 gap-6 mt-8\\\">·\n      <div className=\\\"p-4 bg-gray-800/50 rounded-xl border border-gray-700\\\">·\n        <h3 className=\\\"text-neon font-bold mb-2\\\">Authenticity</h3>·\n        <p className=\\\"text-sm\\\">Real students, verified via .edu emails. No bots.</p>·\n      </div>·\n      <div className=\\\"p-4 bg-gray-800/50 rounded-xl border border-gray-700\\\">·\n        <h3 className=\\\"text-neon font-bold mb-2\\\">Privacy</h3>·\n        <p className=\\\"text-sm\\\">You control when to reveal your identity.</p>·\n      </div>·\n      <div className=\\\"p-4 bg-gray-800/50 rounded-xl border border-gray-700\\\">·\n        <h3 className=\\\"text-neon font-bold mb-2\\\">Safety</h3>·\n        <p className=\\\"text-sm\\\">End-to-end encrypted chats and calls.</p>·\n      </div>·\n    </div>·\n  </PageLayout>·\n);···\nexport const Careers: React.FC = () => (·\n  <PageLayout title=\\\"Careers\\\" icon={<Briefcase className=\\\"w-8 h-8 text-neon\\\" />}>·\n    <h2 className=\\\"text-2xl font-bold text-white mb-4\\\">Join the Ghost Crew</h2>·\n    <p className=\\\"mb-6\\\">·\n      We are a small, passionate team of developers, designers, and love engineers building the next generation of social discovery.·\n    </p>···\n    <div className=\\\"p-8 bg-gray-800/30 rounded-2xl border border-gray-700 text-center\\\">·\n      <Ghost className=\\\"w-12 h-12 text-gray-600 mx-auto mb-4\\\" />·\n      <h3 className=\\\"text-xl font-bold text-white mb-2\\\">No Open Positions</h3>·\n      <p className=\\\"text-gray-400\\\">·\n        We aren't hiring right now, but we are always looking for talented campus ambassadors.·\n        If you think you can bring Othrhalff to your university, drop us a line!·\n      </p>·\n    </div>·\n  </PageLayout>·\n);·······\nexport const Privacy: React.FC = () => (·\n  <PageLayout title=\\\"Privacy Policy\\\" icon={<Lock className=\\\"w-8 h-8 text-neon\\\" />}>·\n    <div className=\\\"space-y-8 text-sm\\\">·\n      <div className=\\\"p-4 bg-neon/5 border border-neon/20 rounded-xl mb-6\\\">·\n        <p className=\\\"font-bold text-neon mb-1\\\">TL;DR</p>·\n        <p className=\\\"text-gray-400\\\">We verify your student status but keep you anonymous. We don't sell your data. We only use your info to connect you.</p>·\n      </div>···\n      <section>·\n        <h3 className=\\\"text-lg font-bold text-white mb-2 uppercase tracking-wide\\\">1. Data Collection</h3>·\n        <p>We collect the minimum data necessary to operate:</p>·\n        <ul className=\\\"list-disc pl-5 space-y-2 mt-2 text-gray-400\\\">·\n          <li><strong>Verification Data:</strong> University email address (strictly for verifying student status). This is encrypted and stored separately from your profile.</li>·\n          <li><strong>Profile Data:</strong> Gender, interests, major, year, and bio. This is public to matches.</li>·\n          <li><strong>Usage Data:</strong> Swipe history and match interactions to improve the algorithm.</li>·\n        </ul>·\n      </section>···\n      <section>·\n        <h3 className=\\\"text-lg font-bold text-white mb-2 uppercase tracking-wide\\\">2. Student Verification</h3>·\n        <p>·\n          We use third-party systems or direct email verification to confirm enrollment. We <strong>do not</strong> access your university's internal systems or student records.·\n        </p>·\n      </section>···\n      <section>·\n        <h3 className=\\\"text-lg font-bold text-white mb-2 uppercase tracking-wide\\\">3. Data Sharing</h3>·\n        <p>Your \\\"Real Name\\\" and \\\"Avatar\\\" are hidden until a mutual match occurs or you voluntarily reveal them. We do not sell, rent, or trade user data to third parties, including universities.</p>·\n      </section>···\n      <section>·\n        <h3 className=\\\"text-lg font-bold text-white mb-2 uppercase tracking-wide\\\">4. Data Deletion</h3>·\n        <p>You may request full deletion of your account and data at any time by contacting support.</p>·\n      </section>·\n    </div>·\n  </PageLayout>·\n);···\nexport const Terms: React.FC = () => (·\n  <PageLayout title=\\\"Terms of Service\\\" icon={<Scale className=\\\"w-8 h-8 text-neon\\\" />}>·\n    <div className=\\\"space-y-8 text-sm\\\">·\n      <div className=\\\"p-4 border-l-4 border-red-500 bg-red-500/10 mb-6\\\">·\n        <p className=\\\"font-bold text-white\\\">Critical Disclaimer</p>·\n        <p className=\\\"text-gray-400 mt-1\\\">·\n          Othrhalff is NOT affiliated with any university. By using this app, you acknowledge this is a private, independent service.·\n        </p>·\n      </div>···\n      <section>·\n        <h3 className=\\\"text-lg font-bold text-white mb-2 uppercase tracking-wide\\\">1. Acceptance of Terms</h3>·\n        <p>By accessing Othrhalff, you agree to these Terms. You must be at least 18 years old and a currently enrolled university student to use this service.</p>·\n      </section>···\n      <section>·\n        <h3 className=\\\"text-lg font-bold text-white mb-2 uppercase tracking-wide\\\">2. Non-Affiliation</h3>·\n        <p>·\n          Othrhalff is an independent entity. References to specific universities, colleges, or mascots are strictly for identification purposes to facilitate student connections. We claim no ownership of university trademarks.·\n        </p>·\n      </section>···\n      <section>·\n        <h3 className=\\\"text-lg font-bold text-white mb-2 uppercase tracking-wide\\\">3. User Conduct</h3>·\n        <p>You agree NOT to:</p>·\n        <ul className=\\\"list-disc pl-5 space-y-1 mt-2 text-gray-400\\\">·\n          <li>Impersonate university officials or staff.</li>·\n          <li>Use the service for academic dishonesty or cheating.</li>·\n          <li>Harass, bully, or intimidate other users.</li>·\n          <li>Post illegal content or hate speech.</li>·\n        </ul>·\n        <p className=\\\"mt-2 text-red-400\\\">Violation results in an immediate, permanent IP ban.</p>·\n      </section>···\n      <section>·\n        <h3 className=\\\"text-lg font-bold text-white mb-2 uppercase tracking-wide\\\">4. Limitation of Liability</h3>·\n        <p className=\\\"uppercase text-xs font-bold text-gray-500 mb-2\\\">Read Carefully</p>·\n        <p>·\n          TO THE MAXIMUM EXTENT PERMITTED BY LAW, OTHRHALFF SHALL NOT BE LIABLE FOR ANY INDIRECT, INCIDENTAL, SPECIAL, CONSEQUENTIAL, OR PUNITIVE DAMAGES, OR ANY LOSS OF PROFITS OR REVENUES, WHETHER INCURRED DIRECTLY OR INDIRECTLY, OR ANY LOSS OF DATA, USE, GOODWILL, OR OTHER INTANGIBLE LOSSES, RESULTING FROM (A) YOUR ACCESS TO OR USE OF OR INABILITY TO ACCESS OR USE THE SERVICE; (B) ANY CONDUCT OR CONTENT OF ANY THIRD PARTY ON THE SERVICE; OR (C) UNAUTHORIZED ACCESS, USE, OR ALTERATION OF YOUR TRANSMISSIONS OR CONTENT.·\n        </p>·\n      </section>···\n      <section>·\n        <h3 className=\\\"text-lg font-bold text-white mb-2 uppercase tracking-wide\\\">5. Indemnification</h3>·\n        <p>·\n          You agree to indemnify and hold Othrhalff harmless from any claims, disputes, demands, liabilities, damages, losses, and costs and expenses, including, without limitation, reasonable legal and accounting fees arising out of or in any way connected with your access to or use of the Service or your violation of these Terms.·\n        </p>·\n      </section>·\n    </div>·\n  </PageLayout>·\n);···\nexport const Safety: React.FC = () => (·\n  <PageLayout title=\\\"Safety Tips\\\" icon={<Shield className=\\\"w-8 h-8 text-neon\\\" />}>·\n    <div className=\\\"space-y-6\\\">·\n      <div className=\\\"flex gap-4\\\">·\n        <AlertTriangle className=\\\"w-6 h-6 text-yellow-500 flex-shrink-0\\\" />·\n        <div>·\n          <h3 className=\\\"text-white font-bold mb-1\\\">Keep it on the app</h3>·\n          <p className=\\\"text-sm\\\">Don't move to other messaging platforms until you feel completely comfortable. Our chat and calls are encrypted.</p>·\n        </div>·\n      </div>···\n      <div className=\\\"flex gap-4\\\">·\n        <AlertTriangle className=\\\"w-6 h-6 text-yellow-500 flex-shrink-0\\\" />·\n        <div>·\n          <h3 className=\\\"text-white font-bold mb-1\\\">Meet in public</h3>·\n          <p className=\\\"text-sm\\\">If you decide to meet in person, always choose a public place on campus, like the library, student center, or a busy coffee shop.</p>·\n        </div>·\n      </div>···\n      <div className=\\\"flex gap-4\\\">·\n        <AlertTriangle className=\\\"w-6 h-6 text-yellow-500 flex-shrink-0\\\" />·\n        <div>·\n          <h3 className=\\\"text-white font-bold mb-1\\\">Guard your info</h3>·\n          <p className=\\\"text-sm\\\">Even after matching, be careful about sharing your dorm room number, financial info, or home address.</p>·\n        </div>·\n      </div>···\n      <div className=\\\"mt-8 p-4 bg-neon/10 border border-neon/30 rounded-xl\\\">·\n        <p className=\\\"text-neon font-bold text-sm text-center\\\">·\n          If you ever feel unsafe, use the \\\"Block & Report\\\" button in the chat menu immediately. We take all reports seriously.·\n        </p>·\n      </div>·\n    </div>·\n  </PageLayout>·\n);···\nexport const Guidelines: React.FC = () => (·\n  <PageLayout title=\\\"Guidelines\\\" icon={<Heart className=\\\"w-8 h-8 text-neon\\\" />}>·\n    <div className=\\\"space-y-8\\\">·\n      <p className=\\\"text-lg font-medium text-white\\\">·\n        Othrhalff is designed to be a safe, fun, and inclusive space. To keep it that way, we ask everyone to follow these simple rules.·\n      </p>···\n      <div className=\\\"space-y-6\\\">·\n        <div className=\\\"flex items-start gap-4 p-4 bg-gray-800/30 rounded-xl\\\">·\n          <CheckCircle2 className=\\\"w-6 h-6 text-green-500 mt-1 flex-shrink-0\\\" />·\n          <div>·\n            <h3 className=\\\"text-white font-bold mb-1\\\">Be Respectful</h3>·\n            <p className=\\\"text-sm text-gray-400\\\">Treat others how you want to be treated. Ghosting happens, but rudeness is a choice. Harassment is never okay.</p>·\n          </div>·\n        </div>···\n        <div className=\\\"flex items-start gap-4 p-4 bg-gray-800/30 rounded-xl\\\">·\n          <CheckCircle2 className=\\\"w-6 h-6 text-green-500 mt-1 flex-shrink-0\\\" />·\n          <div>·\n            <h3 className=\\\"text-white font-bold mb-1\\\">Be Honest</h3>·\n            <p className=\\\"text-sm text-gray-400\\\">You are anonymous, not fake. Represent your interests and major truthfully. Catfishing is strictly prohibited.</p>·\n          </div>·\n        </div>···\n        <div className=\\\"flex items-start gap-4 p-4 bg-gray-800/30 rounded-xl\\\">·\n          <CheckCircle2 className=\\\"w-6 h-6 text-green-500 mt-1 flex-shrink-0\\\" />·\n          <div>·\n            <h3 className=\\\"text-white font-bold mb-1\\\">Zero Tolerance for Hate</h3>·\n            <p className=\\\"text-sm text-gray-400\\\">Racism, sexism, homophobia, and transphobia result in an immediate and permanent IP ban. We protect our community fiercely.</p>·\n          </div>·\n        </div>·\n      </div>·\n    </div>·\n  </PageLayout>·\n);\"","pass":false}}],"failureMessages":["Error: expect(received).toMatch(expected)\n\nExpected pattern: /<Link href=/\nReceived string:  \"import React from 'react';·\nimport Link from 'next/link';·\nimport { RotateCcw, Ghost, Shield, Heart, Briefcase, AlertTriangle, CheckCircle2, Lock, Scale } from 'lucide-react';···\n// --- Shared Layout Component ---·\nconst PageLayout: React.FC<{ title: string; icon: React.ReactNode; children: React.ReactNode }> = ({ title, icon, children }) => {·\n  return (·\n    <div className=\\\"h-screen w-full overflow-y-auto overflow-x-hidden bg-black text-white font-sans selection:bg-neon selection:text-white p-6 pb-20 relative\\\">·\n      {/* Background Ambience */}·\n      <div className=\\\"absolute top-[-10%] left-[-10%] w-[500px] h-[500px] bg-neon/10 blur-[120px] rounded-full pointer-events-none\\\" />···\n      <div className=\\\"max-w-4xl mx-auto relative z-10\\\">·\n        <Link·\n          href=\\\"/profile\\\"·\n          className=\\\"inline-flex items-center gap-2 px-4 py-2 bg-gray-900/50 hover:bg-gray-800 border border-gray-800 hover:border-neon/50 text-gray-400 hover:text-white rounded-full transition-all mb-8 group shadow-sm hover:shadow-neon-sm\\\"·\n        >·\n          <RotateCcw className=\\\"w-4 h-4 group-hover:-rotate-90 transition-transform text-gray-500 group-hover:text-neon\\\" />·\n          <span className=\\\"text-sm font-bold tracking-wide\\\">Back to Profile</span>·\n        </Link>···\n        <div className=\\\"flex items-center gap-4 mb-12\\\">·\n          <div className=\\\"w-16 h-16 bg-gray-900 rounded-2xl flex items-center justify-center border border-gray-800 shadow-neon-sm shrink-0\\\">·\n            {icon}·\n          </div>·\n          <h1 className=\\\"text-3xl md:text-5xl font-black tracking-tighter uppercase leading-tight\\\">{title}</h1>·\n        </div>···\n        <div className=\\\"bg-gray-900/30 border border-gray-800 rounded-3xl p-8 md:p-12 backdrop-blur-sm animate-fade-in leading-relaxed text-gray-300 space-y-8 text-sm md:text-base\\\">·\n          {children}·\n        </div>···\n        <div className=\\\"mt-12 text-center text-gray-600 text-xs\\\">·\n          &copy; {new Date().getFullYear()} Othrhalff Inc. All rights reserved.·\n        </div>·\n      </div>·\n    </div>·\n  );·\n};···\n// --- Page Components ---···\nexport const About: React.FC = () => (·\n  <PageLayout title=\\\"About Us\\\" icon={<Ghost className=\\\"w-8 h-8 text-neon\\\" />}>·\n    <p className=\\\"text-xl text-white font-bold mb-4\\\">We believe dating shouldn't be a popularity contest.</p>·\n    <p>·\n      Othrhalff was born in a dorm room with a simple mission: to bring connection back to campus life without the pressure of superficial swiping.·\n    </p>·\n    <div className=\\\"p-6 border border-yellow-500/30 bg-yellow-500/5 rounded-xl\\\">·\n      <h4 className=\\\"text-yellow-500 font-bold mb-2 flex items-center gap-2\\\"><AlertTriangle className=\\\"w-4 h-4\\\" /> Disclaimer</h4>·\n      <p className=\\\"text-xs text-yellow-200/70\\\">·\n        Othrhalff is an independent platform and is <strong>not affiliated, associated, authorized, endorsed by, or in any way officially connected</strong> with any university, college, or educational institution mentioned on this site. All product and company names are trademarks™ or registered® trademarks of their respective holders. Use of them does not imply any affiliation with or endorsement by them.·\n      </p>·\n    </div>·\n    <div className=\\\"grid grid-cols-1 md:grid-cols-3 gap-6 mt-8\\\">·\n      <div className=\\\"p-4 bg-gray-800/50 rounded-xl border border-gray-700\\\">·\n        <h3 className=\\\"text-neon font-bold mb-2\\\">Authenticity</h3>·\n        <p className=\\\"text-sm\\\">Real students, verified via .edu emails. No bots.</p>·\n      </div>·\n      <div className=\\\"p-4 bg-gray-800/50 rounded-xl border border-gray-700\\\">·\n        <h3 className=\\\"text-neon font-bold mb-2\\\">Privacy</h3>·\n        <p className=\\\"text-sm\\\">You control when to reveal your identity.</p>·\n      </div>·\n      <div className=\\\"p-4 bg-gray-800/50 rounded-xl border border-gray-700\\\">·\n        <h3 className=\\\"text-neon font-bold mb-2\\\">Safety</h3>·\n        <p className=\\\"text-sm\\\">End-to-end encrypted chats and calls.</p>·\n      </div>·\n    </div>·\n  </PageLayout>·\n);···\nexport const Careers: React.FC = () => (·\n  <PageLayout title=\\\"Careers\\\" icon={<Briefcase className=\\\"w-8 h-8 text-neon\\\" />}>·\n    <h2 className=\\\"text-2xl font-bold text-white mb-4\\\">Join the Ghost Crew</h2>·\n    <p className=\\\"mb-6\\\">·\n      We are a small, passionate team of developers, designers, and love engineers building the next generation of social discovery.·\n    </p>···\n    <div className=\\\"p-8 bg-gray-800/30 rounded-2xl border border-gray-700 text-center\\\">·\n      <Ghost className=\\\"w-12 h-12 text-gray-600 mx-auto mb-4\\\" />·\n      <h3 className=\\\"text-xl font-bold text-white mb-2\\\">No Open Positions</h3>·\n      <p className=\\\"text-gray-400\\\">·\n        We aren't hiring right now, but we are always looking for talented campus ambassadors.·\n        If you think you can bring Othrhalff to your university, drop us a line!·\n      </p>·\n    </div>·\n  </PageLayout>·\n);·······\nexport const Privacy: React.FC = () => (·\n  <PageLayout title=\\\"Privacy Policy\\\" icon={<Lock className=\\\"w-8 h-8 text-neon\\\" />}>·\n    <div className=\\\"space-y-8 text-sm\\\">·\n      <div className=\\\"p-4 bg-neon/5 border border-neon/20 rounded-xl mb-6\\\">·\n        <p className=\\\"font-bold text-neon mb-1\\\">TL;DR</p>·\n        <p className=\\\"text-gray-400\\\">We verify your student status but keep you anonymous. We don't sell your data. We only use your info to connect you.</p>·\n      </div>···\n      <section>·\n        <h3 className=\\\"text-lg font-bold text-white mb-2 uppercase tracking-wide\\\">1. Data Collection</h3>·\n        <p>We collect the minimum data necessary to operate:</p>·\n        <ul className=\\\"list-disc pl-5 space-y-2 mt-2 text-gray-400\\\">·\n          <li><strong>Verification Data:</strong> University email address (strictly for verifying student status). This is encrypted and stored separately from your profile.</li>·\n          <li><strong>Profile Data:</strong> Gender, interests, major, year, and bio. This is public to matches.</li>·\n          <li><strong>Usage Data:</strong> Swipe history and match interactions to improve the algorithm.</li>·\n        </ul>·\n      </section>···\n      <section>·\n        <h3 className=\\\"text-lg font-bold text-white mb-2 uppercase tracking-wide\\\">2. Student Verification</h3>·\n        <p>·\n          We use third-party systems or direct email verification to confirm enrollment. We <strong>do not</strong> access your university's internal systems or student records.·\n        </p>·\n      </section>···\n      <section>·\n        <h3 className=\\\"text-lg font-bold text-white mb-2 uppercase tracking-wide\\\">3. Data Sharing</h3>·\n        <p>Your \\\"Real Name\\\" and \\\"Avatar\\\" are hidden until a mutual match occurs or you voluntarily reveal them. We do not sell, rent, or trade user data to third parties, including universities.</p>·\n      </section>···\n      <section>·\n        <h3 className=\\\"text-lg font-bold text-white mb-2 uppercase tracking-wide\\\">4. Data Deletion</h3>·\n        <p>You may request full deletion of your account and data at any time by contacting support.</p>·\n      </section>·\n    </div>·\n  </PageLayout>·\n);···\nexport const Terms: React.FC = () => (·\n  <PageLayout title=\\\"Terms of Service\\\" icon={<Scale className=\\\"w-8 h-8 text-neon\\\" />}>·\n    <div className=\\\"space-y-8 text-sm\\\">·\n      <div className=\\\"p-4 border-l-4 border-red-500 bg-red-500/10 mb-6\\\">·\n        <p className=\\\"font-bold text-white\\\">Critical Disclaimer</p>·\n        <p className=\\\"text-gray-400 mt-1\\\">·\n          Othrhalff is NOT affiliated with any university. By using this app, you acknowledge this is a private, independent service.·\n        </p>·\n      </div>···\n      <section>·\n        <h3 className=\\\"text-lg font-bold text-white mb-2 uppercase tracking-wide\\\">1. Acceptance of Terms</h3>·\n        <p>By accessing Othrhalff, you agree to these Terms. You must be at least 18 years old and a currently enrolled university student to use this service.</p>·\n      </section>···\n      <section>·\n        <h3 className=\\\"text-lg font-bold text-white mb-2 uppercase tracking-wide\\\">2. Non-Affiliation</h3>·\n        <p>·\n          Othrhalff is an independent entity. References to specific universities, colleges, or mascots are strictly for identification purposes to facilitate student connections. We claim no ownership of university trademarks.·\n        </p>·\n      </section>···\n      <section>·\n        <h3 className=\\\"text-lg font-bold text-white mb-2 uppercase tracking-wide\\\">3. User Conduct</h3>·\n        <p>You agree NOT to:</p>·\n        <ul className=\\\"list-disc pl-5 space-y-1 mt-2 text-gray-400\\\">·\n          <li>Impersonate university officials or staff.</li>·\n          <li>Use the service for academic dishonesty or cheating.</li>·\n          <li>Harass, bully, or intimidate other users.</li>·\n          <li>Post illegal content or hate speech.</li>·\n        </ul>·\n        <p className=\\\"mt-2 text-red-400\\\">Violation results in an immediate, permanent IP ban.</p>·\n      </section>···\n      <section>·\n        <h3 className=\\\"text-lg font-bold text-white mb-2 uppercase tracking-wide\\\">4. Limitation of Liability</h3>·\n        <p className=\\\"uppercase text-xs font-bold text-gray-500 mb-2\\\">Read Carefully</p>·\n        <p>·\n          TO THE MAXIMUM EXTENT PERMITTED BY LAW, OTHRHALFF SHALL NOT BE LIABLE FOR ANY INDIRECT, INCIDENTAL, SPECIAL, CONSEQUENTIAL, OR PUNITIVE DAMAGES, OR ANY LOSS OF PROFITS OR REVENUES, WHETHER INCURRED DIRECTLY OR INDIRECTLY, OR ANY LOSS OF DATA, USE, GOODWILL, OR OTHER INTANGIBLE LOSSES, RESULTING FROM (A) YOUR ACCESS TO OR USE OF OR INABILITY TO ACCESS OR USE THE SERVICE; (B) ANY CONDUCT OR CONTENT OF ANY THIRD PARTY ON THE SERVICE; OR (C) UNAUTHORIZED ACCESS, USE, OR ALTERATION OF YOUR TRANSMISSIONS OR CONTENT.·\n        </p>·\n      </section>···\n      <section>·\n        <h3 className=\\\"text-lg font-bold text-white mb-2 uppercase tracking-wide\\\">5. Indemnification</h3>·\n        <p>·\n          You agree to indemnify and hold Othrhalff harmless from any claims, disputes, demands, liabilities, damages, losses, and costs and expenses, including, without limitation, reasonable legal and accounting fees arising out of or in any way connected with your access to or use of the Service or your violation of these Terms.·\n        </p>·\n      </section>·\n    </div>·\n  </PageLayout>·\n);···\nexport const Safety: React.FC = () => (·\n  <PageLayout title=\\\"Safety Tips\\\" icon={<Shield className=\\\"w-8 h-8 text-neon\\\" />}>·\n    <div className=\\\"space-y-6\\\">·\n      <div className=\\\"flex gap-4\\\">·\n        <AlertTriangle className=\\\"w-6 h-6 text-yellow-500 flex-shrink-0\\\" />·\n        <div>·\n          <h3 className=\\\"text-white font-bold mb-1\\\">Keep it on the app</h3>·\n          <p className=\\\"text-sm\\\">Don't move to other messaging platforms until you feel completely comfortable. Our chat and calls are encrypted.</p>·\n        </div>·\n      </div>···\n      <div className=\\\"flex gap-4\\\">·\n        <AlertTriangle className=\\\"w-6 h-6 text-yellow-500 flex-shrink-0\\\" />·\n        <div>·\n          <h3 className=\\\"text-white font-bold mb-1\\\">Meet in public</h3>·\n          <p className=\\\"text-sm\\\">If you decide to meet in person, always choose a public place on campus, like the library, student center, or a busy coffee shop.</p>·\n        </div>·\n      </div>···\n      <div className=\\\"flex gap-4\\\">·\n        <AlertTriangle className=\\\"w-6 h-6 text-yellow-500 flex-shrink-0\\\" />·\n        <div>·\n          <h3 className=\\\"text-white font-bold mb-1\\\">Guard your info</h3>·\n          <p className=\\\"text-sm\\\">Even after matching, be careful about sharing your dorm room number, financial info, or home address.</p>·\n        </div>·\n      </div>···\n      <div className=\\\"mt-8 p-4 bg-neon/10 border border-neon/30 rounded-xl\\\">·\n        <p className=\\\"text-neon font-bold text-sm text-center\\\">·\n          If you ever feel unsafe, use the \\\"Block & Report\\\" button in the chat menu immediately. We take all reports seriously.·\n        </p>·\n      </div>·\n    </div>·\n  </PageLayout>·\n);···\nexport const Guidelines: React.FC = () => (·\n  <PageLayout title=\\\"Guidelines\\\" icon={<Heart className=\\\"w-8 h-8 text-neon\\\" />}>·\n    <div className=\\\"space-y-8\\\">·\n      <p className=\\\"text-lg font-medium text-white\\\">·\n        Othrhalff is designed to be a safe, fun, and inclusive space. To keep it that way, we ask everyone to follow these simple rules.·\n      </p>···\n      <div className=\\\"space-y-6\\\">·\n        <div className=\\\"flex items-start gap-4 p-4 bg-gray-800/30 rounded-xl\\\">·\n          <CheckCircle2 className=\\\"w-6 h-6 text-green-500 mt-1 flex-shrink-0\\\" />·\n          <div>·\n            <h3 className=\\\"text-white font-bold mb-1\\\">Be Respectful</h3>·\n            <p className=\\\"text-sm text-gray-400\\\">Treat others how you want to be treated. Ghosting happens, but rudeness is a choice. Harassment is never okay.</p>·\n          </div>·\n        </div>···\n        <div className=\\\"flex items-start gap-4 p-4 bg-gray-800/30 rounded-xl\\\">·\n          <CheckCircle2 className=\\\"w-6 h-6 text-green-500 mt-1 flex-shrink-0\\\" />·\n          <div>·\n            <h3 className=\\\"text-white font-bold mb-1\\\">Be Honest</h3>·\n            <p className=\\\"text-sm text-gray-400\\\">You are anonymous, not fake. Represent your interests and major truthfully. Catfishing is strictly prohibited.</p>·\n          </div>·\n        </div>···\n        <div className=\\\"flex items-start gap-4 p-4 bg-gray-800/30 rounded-xl\\\">·\n          <CheckCircle2 className=\\\"w-6 h-6 text-green-500 mt-1 flex-shrink-0\\\" />·\n          <div>·\n            <h3 className=\\\"text-white font-bold mb-1\\\">Zero Tolerance for Hate</h3>·\n            <p className=\\\"text-sm text-gray-400\\\">Racism, sexism, homophobia, and transphobia result in an immediate and permanent IP ban. We protect our community fiercely.</p>·\n          </div>·\n        </div>·\n      </div>·\n    </div>·\n  </PageLayout>·\n);\"\n    at Object.toMatch (C:\\Users\\nikhi\\Downloads\\othrhalff prod\\client\\__tests__\\app\\navigation-migration.test.ts:474:20)\n    at Promise.finally.completed (C:\\Users\\nikhi\\Downloads\\othrhalff prod\\node_modules\\jest-circus\\build\\jestAdapterInit.js:1561:28)\n    at new Promise (<anonymous>)\n    at callAsyncCircusFn (C:\\Users\\nikhi\\Downloads\\othrhalff prod\\node_modules\\jest-circus\\build\\jestAdapterInit.js:1501:10)\n    at _callCircusTest (C:\\Users\\nikhi\\Downloads\\othrhalff prod\\node_modules\\jest-circus\\build\\jestAdapterInit.js:1011:40)\n    at _runTest (C:\\Users\\nikhi\\Downloads\\othrhalff prod\\node_modules\\jest-circus\\build\\jestAdapterInit.js:951:3)\n    at C:\\Users\\nikhi\\Downloads\\othrhalff prod\\node_modules\\jest-circus\\build\\jestAdapterInit.js:853:7\n    at _runTestsForDescribeBlock (C:\\Users\\nikhi\\Downloads\\othrhalff prod\\node_modules\\jest-circus\\build\\jestAdapterInit.js:866:11)\n    at _runTestsForDescribeBlock (C:\\Users\\nikhi\\Downloads\\othrhalff prod\\node_modules\\jest-circus\\build\\jestAdapterInit.js:861:11)\n    at run (C:\\Users\\nikhi\\Downloads\\othrhalff prod\\node_modules\\jest-circus\\build\\jestAdapterInit.js:765:3)\n    at runAndTransformResultsToJestFormat (C:\\Users\\nikhi\\Downloads\\othrhalff prod\\node_modules\\jest-circus\\build\\jestAdapterInit.js:1993:21)\n    at jestAdapter (C:\\Users\\nikhi\\Downloads\\othrhalff prod\\node_modules\\jest-circus\\build\\runner.js:111:19)\n    at runTestInternal (C:\\Users\\nikhi\\Downloads\\othrhalff prod\\node_modules\\jest-runner\\build\\index.js:276:16)\n    at runTest (C:\\Users\\nikhi\\Downloads\\othrhalff prod\\node_modules\\jest-runner\\build\\index.js:344:7)"],"fullName":"StaticPages.tsx migration (src/views/StaticPages.tsx) uses Link href= attribute (not to=)","invocations":1,"location":null,"numPassingAsserts":1,"retryReasons":[],"startAt":1781277293466,"status":"failed","title":"uses Link href= attribute (not to=)"},{"ancestorTitles":["Sparx.tsx migration (src/views/Sparx.tsx)"],"duration":1,"failing":false,"failureDetails":[],"failureMessages":[],"fullName":"Sparx.tsx migration (src/views/Sparx.tsx) does not import from react-router-dom","invocations":1,"location":null,"numPassingAsserts":2,"retryReasons":[],"startAt":1781277293467,"status":"passed","title":"does not import from react-router-dom"},{"ancestorTitles":["Sparx.tsx migration (src/views/Sparx.tsx)"],"duration":0,"failing":false,"failureDetails":[],"failureMessages":[],"fullName":"Sparx.tsx migration (src/views/Sparx.tsx) imports from next/navigation","invocations":1,"location":null,"numPassingAsserts":1,"retryReasons":[],"startAt":1781277293468,"status":"passed","title":"imports from next/navigation"},{"ancestorTitles":["Sparx.tsx migration (src/views/Sparx.tsx)"],"duration":0,"failing":false,"failureDetails":[],"failureMessages":[],"fullName":"Sparx.tsx migration (src/views/Sparx.tsx) uses router.push() for sparx/vibe room routing","invocations":1,"location":null,"numPassingAsserts":1,"retryReasons":[],"startAt":1781277293468,"status":"passed","title":"uses router.push() for sparx/vibe room routing"},{"ancestorTitles":["Sparx.tsx migration (src/views/Sparx.tsx)"],"duration":0,"failing":false,"failureDetails":[],"failureMessages":[],"fullName":"Sparx.tsx migration (src/views/Sparx.tsx) passes route to router.push() for sparx routes","invocations":1,"location":null,"numPassingAsserts":1,"retryReasons":[],"startAt":1781277293468,"status":"passed","title":"passes route to router.push() for sparx routes"},{"ancestorTitles":["No react-router-dom imports in migrated files"],"duration":0,"failing":false,"failureDetails":[],"failureMessages":[],"fullName":"No react-router-dom imports in migrated files Blog.tsx has no react-router-dom import","invocations":1,"location":null,"numPassingAsserts":2,"retryReasons":[],"startAt":1781277293468,"status":"passed","title":"Blog.tsx has no react-router-dom import"},{"ancestorTitles":["No react-router-dom imports in migrated files"],"duration":0,"failing":false,"failureDetails":[],"failureMessages":[],"fullName":"No react-router-dom imports in migrated files Careers.tsx has no react-router-dom import","invocations":1,"location":null,"numPassingAsserts":2,"retryReasons":[],"startAt":1781277293469,"status":"passed","title":"Careers.tsx has no react-router-dom import"},{"ancestorTitles":["No react-router-dom imports in migrated files"],"duration":1,"failing":false,"failureDetails":[],"failureMessages":[],"fullName":"No react-router-dom imports in migrated files Chat.tsx has no react-router-dom import","invocations":1,"location":null,"numPassingAsserts":2,"retryReasons":[],"startAt":1781277293469,"status":"passed","title":"Chat.tsx has no react-router-dom import"},{"ancestorTitles":["No react-router-dom imports in migrated files"],"duration":0,"failing":false,"failureDetails":[],"failureMessages":[],"fullName":"No react-router-dom imports in migrated files Confessions.tsx has no react-router-dom import","invocations":1,"location":null,"numPassingAsserts":2,"retryReasons":[],"startAt":1781277293470,"status":"passed","title":"Confessions.tsx has no react-router-dom import"},{"ancestorTitles":["No react-router-dom imports in migrated files"],"duration":0,"failing":false,"failureDetails":[],"failureMessages":[],"fullName":"No react-router-dom imports in migrated files Contact.tsx has no react-router-dom import","invocations":1,"location":null,"numPassingAsserts":2,"retryReasons":[],"startAt":1781277293471,"status":"passed","title":"Contact.tsx has no react-router-dom import"},{"ancestorTitles":["No react-router-dom imports in migrated files"],"duration":0,"failing":false,"failureDetails":[],"failureMessages":[],"fullName":"No react-router-dom imports in migrated files Developers.tsx has no react-router-dom import","invocations":1,"location":null,"numPassingAsserts":2,"retryReasons":[],"startAt":1781277293471,"status":"passed","title":"Developers.tsx has no react-router-dom import"},{"ancestorTitles":["No react-router-dom imports in migrated files"],"duration":1,"failing":false,"failureDetails":[],"failureMessages":[],"fullName":"No react-router-dom imports in migrated files Home.tsx has no react-router-dom import","invocations":1,"location":null,"numPassingAsserts":2,"retryReasons":[],"startAt":1781277293471,"status":"passed","title":"Home.tsx has no react-router-dom import"},{"ancestorTitles":["No react-router-dom imports in migrated files"],"duration":0,"failing":false,"failureDetails":[],"failureMessages":[],"fullName":"No react-router-dom imports in migrated files Landing.tsx has no react-router-dom import","invocations":1,"location":null,"numPassingAsserts":2,"retryReasons":[],"startAt":1781277293472,"status":"passed","title":"Landing.tsx has no react-router-dom import"},{"ancestorTitles":["No react-router-dom imports in migrated files"],"duration":1,"failing":false,"failureDetails":[],"failureMessages":[],"fullName":"No react-router-dom imports in migrated files Login.tsx has no react-router-dom import","invocations":1,"location":null,"numPassingAsserts":2,"retryReasons":[],"startAt":1781277293472,"status":"passed","title":"Login.tsx has no react-router-dom import"},{"ancestorTitles":["No react-router-dom imports in migrated files"],"duration":0,"failing":false,"failureDetails":[],"failureMessages":[],"fullName":"No react-router-dom imports in migrated files Matches.tsx has no react-router-dom import","invocations":1,"location":null,"numPassingAsserts":2,"retryReasons":[],"startAt":1781277293473,"status":"passed","title":"Matches.tsx has no react-router-dom import"},{"ancestorTitles":["No react-router-dom imports in migrated files"],"duration":0,"failing":false,"failureDetails":[],"failureMessages":[],"fullName":"No react-router-dom imports in migrated files Notifications.tsx has no react-router-dom import","invocations":1,"location":null,"numPassingAsserts":2,"retryReasons":[],"startAt":1781277293473,"status":"passed","title":"Notifications.tsx has no react-router-dom import"},{"ancestorTitles":["No react-router-dom imports in migrated files"],"duration":1,"failing":false,"failureDetails":[],"failureMessages":[],"fullName":"No react-router-dom imports in migrated files Onboarding.tsx has no react-router-dom import","invocations":1,"location":null,"numPassingAsserts":2,"retryReasons":[],"startAt":1781277293473,"status":"passed","title":"Onboarding.tsx has no react-router-dom import"},{"ancestorTitles":["No react-router-dom imports in migrated files"],"duration":0,"failing":false,"failureDetails":[],"failureMessages":[],"fullName":"No react-router-dom imports in migrated files Profile.tsx has no react-router-dom import","invocations":1,"location":null,"numPassingAsserts":2,"retryReasons":[],"
[...]
\\"grid grid-cols-1 md:grid-cols-3 gap-8 px-4\\\">·\n              {team.slice(2).map((member, i) => (·\n                <div key={i + 2} className={`relative bg-gray-900/40 backdrop-blur-xl border ${member.border} rounded-[2rem] p-8 transition-all hover:scale-[1.02] hover:bg-gray-900/60 group`}>·\n                  <div className={`absolute inset-0 bg-gradient-to-br ${member.gradient} opacity-0 group-hover:opacity-100 transition-opacity rounded-[2rem] pointer-events-none`} />···\n                  <div className=\\\"relative z-10 flex flex-col items-center text-center\\\">·\n                    <h2 className=\\\"text-2xl font-bold text-white mb-2\\\">{member.name}</h2>·\n                    <p className={`text-xs uppercase tracking-widest font-bold mb-8 ${member.iconColor}`}>{member.title}</p>···················\n                    <div className=\\\"flex gap-4 mb-4\\\">·\n                      {member.ig && (·\n                        <a href={member.ig} target=\\\"_blank\\\" rel=\\\"noopener noreferrer\\\" className=\\\"p-3 bg-white/5 hover:bg-white/10 border border-white/10 hover:border-white/30 rounded-full transition-all group-hover:-translate-y-1\\\">·\n                          <Instagram className=\\\"w-4 h-4 text-gray-300 hover:text-white\\\" />·\n                        </a>·\n                      )}·\n                      {member.linkedin && (·\n                        <a href={member.linkedin} target=\\\"_blank\\\" rel=\\\"noopener noreferrer\\\" className=\\\"p-3 bg-white/5 hover:bg-white/10 border border-white/10 hover:border-white/30 rounded-full transition-all group-hover:-translate-y-1 delay-75\\\">·\n                          <Linkedin className=\\\"w-4 h-4 text-gray-300 hover:text-white\\\" />·\n                        </a>·\n                      )}·\n                       {(!member.ig && !member.linkedin) && (·\n                        <div className=\\\"h-[42px] flex items-center\\\">·\n                          <span className=\\\"text-xs text-gray-500 italic uppercase\\\">On the grind</span>·\n                        </div>·\n                      )}·\n                    </div>·\n                  </div>·\n                </div>·\n              ))}·\n            </div>···\n            <div className=\\\"mt-20 text-center\\\">·\n              <p className=\\\"text-gray-600 text-xs font-mono\\\">·\n                Running v3.0.0-turbo • Built with ❤️ in India By College Students·\n              </p>·\n            </div>·\n          </div>·\n        </div>·\n      );·\n    };·\n    \"\n\n    \u001b[0m \u001b[90m 229 |\u001b[39m   it(\u001b[32m'uses Link href= attribute (not to=)'\u001b[39m\u001b[33m,\u001b[39m () \u001b[33m=>\u001b[39m {\n     \u001b[90m 230 |\u001b[39m     expect(source)\u001b[33m.\u001b[39mnot\u001b[33m.\u001b[39mtoMatch(\u001b[35m/<Link to=/\u001b[39m)\u001b[33m;\u001b[39m\n    \u001b[31m\u001b[1m>\u001b[22m\u001b[39m\u001b[90m 231 |\u001b[39m     expect(source)\u001b[33m.\u001b[39mtoMatch(\u001b[35m/<Link href=/\u001b[39m)\u001b[33m;\u001b[39m\n     \u001b[90m     |\u001b[39m                    \u001b[31m\u001b[1m^\u001b[22m\u001b[39m\n     \u001b[90m 232 |\u001b[39m   })\u001b[33m;\u001b[39m\n     \u001b[90m 233 |\u001b[39m })\u001b[33m;\u001b[39m\n     \u001b[90m 234 |\u001b[39m\u001b[0m\n\n      at Object.toMatch (__tests__/app/navigation-migration.test.ts:231:20)\n\n  ● StaticPages.tsx migration (src/views/StaticPages.tsx) › uses Link href= attribute (not to=)\n\n    expect(received).toMatch(expected)\n\n    Expected pattern: /<Link href=/\n    Received string:  \"import React from 'react';·\n    import Link from 'next/link';·\n    import { RotateCcw, Ghost, Shield, Heart, Briefcase, AlertTriangle, CheckCircle2, Lock, Scale } from 'lucide-react';···\n    // --- Shared Layout Component ---·\n    const PageLayout: React.FC<{ title: string; icon: React.ReactNode; children: React.ReactNode }> = ({ title, icon, children }) => {·\n      return (·\n        <div className=\\\"h-screen w-full overflow-y-auto overflow-x-hidden bg-black text-white font-sans selection:bg-neon selection:text-white p-6 pb-20 relative\\\">·\n          {/* Background Ambience */}·\n          <div className=\\\"absolute top-[-10%] left-[-10%] w-[500px] h-[500px] bg-neon/10 blur-[120px] rounded-full pointer-events-none\\\" />···\n          <div className=\\\"max-w-4xl mx-auto relative z-10\\\">·\n            <Link·\n              href=\\\"/profile\\\"·\n              className=\\\"inline-flex items-center gap-2 px-4 py-2 bg-gray-900/50 hover:bg-gray-800 border border-gray-800 hover:border-neon/50 text-gray-400 hover:text-white rounded-full transition-all mb-8 group shadow-sm hover:shadow-neon-sm\\\"·\n            >·\n              <RotateCcw className=\\\"w-4 h-4 group-hover:-rotate-90 transition-transform text-gray-500 group-hover:text-neon\\\" />·\n              <span className=\\\"text-sm font-bold tracking-wide\\\">Back to Profile</span>·\n            </Link>···\n            <div className=\\\"flex items-center gap-4 mb-12\\\">·\n              <div className=\\\"w-16 h-16 bg-gray-900 rounded-2xl flex items-center justify-center border border-gray-800 shadow-neon-sm shrink-0\\\">·\n                {icon}·\n              </div>·\n              <h1 className=\\\"text-3xl md:text-5xl font-black tracking-tighter uppercase leading-tight\\\">{title}</h1>·\n            </div>···\n            <div className=\\\"bg-gray-900/30 border border-gray-800 rounded-3xl p-8 md:p-12 backdrop-blur-sm animate-fade-in leading-relaxed text-gray-300 space-y-8 text-sm md:text-base\\\">·\n              {children}·\n            </div>···\n            <div className=\\\"mt-12 text-center text-gray-600 text-xs\\\">·\n              &copy; {new Date().getFullYear()} Othrhalff Inc. All rights reserved.·\n            </div>·\n          </div>·\n        </div>·\n      );·\n    };···\n    // --- Page Components ---···\n    export const About: React.FC = () => (·\n      <PageLayout title=\\\"About Us\\\" icon={<Ghost className=\\\"w-8 h-8 text-neon\\\" />}>·\n        <p className=\\\"text-xl text-white font-bold mb-4\\\">We believe dating shouldn't be a popularity contest.</p>·\n        <p>·\n          Othrhalff was born in a dorm room with a simple mission: to bring connection back to campus life without the pressure of superficial swiping.·\n        </p>·\n        <div className=\\\"p-6 border border-yellow-500/30 bg-yellow-500/5 rounded-xl\\\">·\n          <h4 className=\\\"text-yellow-500 font-bold mb-2 flex items-center gap-2\\\"><AlertTriangle className=\\\"w-4 h-4\\\" /> Disclaimer</h4>·\n          <p className=\\\"text-xs text-yellow-200/70\\\">·\n            Othrhalff is an independent platform and is <strong>not affiliated, associated, authorized, endorsed by, or in any way officially connected</strong> with any university, college, or educational institution mentioned on this site. All product and company names are trademarks™ or registered® trademarks of their respective holders. Use of them does not imply any affiliation with or endorsement by them.·\n          </p>·\n        </div>·\n        <div className=\\\"grid grid-cols-1 md:grid-cols-3 gap-6 mt-8\\\">·\n          <div className=\\\"p-4 bg-gray-800/50 rounded-xl border border-gray-700\\\">·\n            <h3 className=\\\"text-neon font-bold mb-2\\\">Authenticity</h3>·\n            <p className=\\\"text-sm\\\">Real students, verified via .edu emails. No bots.</p>·\n          </div>·\n          <div className=\\\"p-4 bg-gray-800/50 rounded-xl border border-gray-700\\\">·\n            <h3 className=\\\"text-neon font-bold mb-2\\\">Privacy</h3>·\n            <p className=\\\"text-sm\\\">You control when to reveal your identity.</p>·\n          </div>·\n          <div className=\\\"p-4 bg-gray-800/50 rounded-xl border border-gray-700\\\">·\n            <h3 className=\\\"text-neon font-bold mb-2\\\">Safety</h3>·\n            <p className=\\\"text-sm\\\">End-to-end encrypted chats and calls.</p>·\n          </div>·\n        </div>·\n      </PageLayout>·\n    );···\n    export const Careers: React.FC = () => (·\n      <PageLayout title=\\\"Careers\\\" icon={<Briefcase className=\\\"w-8 h-8 text-neon\\\" />}>·\n        <h2 className=\\\"text-2xl font-bold text-white mb-4\\\">Join the Ghost Crew</h2>·\n        <p className=\\\"mb-6\\\">·\n          We are a small, passionate team of developers, designers, and love engineers building the next generation of social discovery.·\n        </p>···\n        <div className=\\\"p-8 bg-gray-800/30 rounded-2xl border border-gray-700 text-center\\\">·\n          <Ghost className=\\\"w-12 h-12 text-gray-600 mx-auto mb-4\\\" />·\n          <h3 className=\\\"text-xl font-bold text-white mb-2\\\">No Open Positions</h3>·\n          <p className=\\\"text-gray-400\\\">·\n            We aren't hiring right now, but we are always looking for talented campus ambassadors.·\n            If you think you can bring Othrhalff to your university, drop us a line!·\n          </p>·\n        </div>·\n      </PageLayout>·\n    );·······\n    export const Privacy: React.FC = () => (·\n      <PageLayout title=\\\"Privacy Policy\\\" icon={<Lock className=\\\"w-8 h-8 text-neon\\\" />}>·\n        <div className=\\\"space-y-8 text-sm\\\">·\n          <div className=\\\"p-4 bg-neon/5 border border-neon/20 rounded-xl mb-6\\\">·\n            <p className=\\\"font-bold text-neon mb-1\\\">TL;DR</p>·\n            <p className=\\\"text-gray-400\\\">We verify your student status but keep you anonymous. We don't sell your data. We only use your info to connect you.</p>·\n          </div>···\n          <section>·\n            <h3 className=\\\"text-lg font-bold text-white mb-2 uppercase tracking-wide\\\">1. Data Collection</h3>·\n            <p>We collect the minimum data necessary to operate:</p>·\n            <ul className=\\\"list-disc pl-5 space-y-2 mt-2 text-gray-400\\\">·\n              <li><strong>Verification Data:</strong> University email address (strictly for verifying student status). This is encrypted and stored separately from your profile.</li>·\n              <li><strong>Profile Data:</strong> Gender, interests, major, year, and bio. This is public to matches.</li>·\n              <li><strong>Usage Data:</strong> Swipe history and match interactions to improve the algorithm.</li>·\n            </ul>·\n          </section>···\n          <section>·\n            <h3 className=\\\"text-lg font-bold text-white mb-2 uppercase tracking-wide\\\">2. Student Verification</h3>·\n            <p>·\n              We use third-party systems or direct email verification to confirm enrollment. We <strong>do not</strong> access your university's internal systems or student records.·\n            </p>·\n          </section>···\n          <section>·\n            <h3 className=\\\"text-lg font-bold text-white mb-2 uppercase tracking-wide\\\">3. Data Sharing</h3>·\n            <p>Your \\\"Real Name\\\" and \\\"Avatar\\\" are hidden until a mutual match occurs or you voluntarily reveal them. We do not sell, rent, or trade user data to third parties, including universities.</p>·\n          </section>···\n          <section>·\n            <h3 className=\\\"text-lg font-bold text-white mb-2 uppercase tracking-wide\\\">4. Data Deletion</h3>·\n            <p>You may request full deletion of your account and data at any time by contacting support.</p>·\n          </section>·\n        </div>·\n      </PageLayout>·\n    );···\n    export const Terms: React.FC = () => (·\n      <PageLayout title=\\\"Terms of Service\\\" icon={<Scale className=\\\"w-8 h-8 text-neon\\\" />}>·\n        <div className=\\\"space-y-8 text-sm\\\">·\n          <div className=\\\"p-4 border-l-4 border-red-500 bg-red-500/10 mb-6\\\">·\n            <p className=\\\"font-bold text-white\\\">Critical Disclaimer</p>·\n            <p className=\\\"text-gray-400 mt-1\\\">·\n              Othrhalff is NOT affiliated with any university. By using this app, you acknowledge this is a private, independent service.·\n            </p>·\n          </div>···\n          <section>·\n            <h3 className=\\\"text-lg font-bold text-white mb-2 uppercase tracking-wide\\\">1. Acceptance of Terms</h3>·\n            <p>By accessing Othrhalff, you agree to these Terms. You must be at least 18 years old and a currently enrolled university student to use this service.</p>·\n          </section>···\n          <section>·\n            <h3 className=\\\"text-lg font-bold text-white mb-2 uppercase tracking-wide\\\">2. Non-Affiliation</h3>·\n            <p>·\n              Othrhalff is an independent entity. References to specific universities, colleges, or mascots are strictly for identification purposes to facilitate student connections. We claim no ownership of university trademarks.·\n            </p>·\n          </section>···\n          <section>·\n            <h3 className=\\\"text-lg font-bold text-white mb-2 uppercase tracking-wide\\\">3. User Conduct</h3>·\n            <p>You agree NOT to:</p>·\n            <ul className=\\\"list-disc pl-5 space-y-1 mt-2 text-gray-400\\\">·\n              <li>Impersonate university officials or staff.</li>·\n              <li>Use the service for academic dishonesty or cheating.</li>·\n              <li>Harass, bully, or intimidate other users.</li>·\n              <li>Post illegal content or hate speech.</li>·\n            </ul>·\n            <p className=\\\"mt-2 text-red-400\\\">Violation results in an immediate, permanent IP ban.</p>·\n          </section>···\n          <section>·\n            <h3 className=\\\"text-lg font-bold text-white mb-2 uppercase tracking-wide\\\">4. Limitation of Liability</h3>·\n            <p className=\\\"uppercase text-xs font-bold text-gray-500 mb-2\\\">Read Carefully</p>·\n            <p>·\n              TO THE MAXIMUM EXTENT PERMITTED BY LAW, OTHRHALFF SHALL NOT BE LIABLE FOR ANY INDIRECT, INCIDENTAL, SPECIAL, CONSEQUENTIAL, OR PUNITIVE DAMAGES, OR ANY LOSS OF PROFITS OR REVENUES, WHETHER INCURRED DIRECTLY OR INDIRECTLY, OR ANY LOSS OF DATA, USE, GOODWILL, OR OTHER INTANGIBLE LOSSES, RESULTING FROM (A) YOUR ACCESS TO OR USE OF OR INABILITY TO ACCESS OR USE THE SERVICE; (B) ANY CONDUCT OR CONTENT OF ANY THIRD PARTY ON THE SERVICE; OR (C) UNAUTHORIZED ACCESS, USE, OR ALTERATION OF YOUR TRANSMISSIONS OR CONTENT.·\n            </p>·\n          </section>···\n          <section>·\n            <h3 className=\\\"text-lg font-bold text-white mb-2 uppercase tracking-wide\\\">5. Indemnification</h3>·\n            <p>·\n              You agree to indemnify and hold Othrhalff harmless from any claims, disputes, demands, liabilities, damages, losses, and costs and expenses, including, without limitation, reasonable legal and accounting fees arising out of or in any way connected with your access to or use of the Service or your violation of these Terms.·\n            </p>·\n          </section>·\n        </div>·\n      </PageLayout>·\n    );···\n    export const Safety: React.FC = () => (·\n      <PageLayout title=\\\"Safety Tips\\\" icon={<Shield className=\\\"w-8 h-8 text-neon\\\" />}>·\n        <div className=\\\"space-y-6\\\">·\n          <div className=\\\"flex gap-4\\\">·\n            <AlertTriangle className=\\\"w-6 h-6 text-yellow-500 flex-shrink-0\\\" />·\n            <div>·\n              <h3 className=\\\"text-white font-bold mb-1\\\">Keep it on the app</h3>·\n              <p className=\\\"text-sm\\\">Don't move to other messaging platforms until you feel completely comfortable. Our chat and calls are encrypted.</p>·\n            </div>·\n          </div>···\n          <div className=\\\"flex gap-4\\\">·\n            <AlertTriangle className=\\\"w-6 h-6 text-yellow-500 flex-shrink-0\\\" />·\n            <div>·\n              <h3 className=\\\"text-white font-bold mb-1\\\">Meet in public</h3>·\n              <p className=\\\"text-sm\\\">If you decide to meet in person, always choose a public place on campus, like the library, student center, or a busy coffee shop.</p>·\n            </div>·\n          </div>···\n          <div className=\\\"flex gap-4\\\">·\n            <AlertTriangle className=\\\"w-6 h-6 text-yellow-500 flex-shrink-0\\\" />·\n            <div>·\n              <h3 className=\\\"text-white font-bold mb-1\\\">Guard your info</h3>·\n              <p className=\\\"text-sm\\\">Even after matching, be careful about sharing your dorm room number, financial info, or home address.</p>·\n            </div>·\n          </div>···\n          <div className=\\\"mt-8 p-4 bg-neon/10 border border-neon/30 rounded-xl\\\">·\n            <p className=\\\"text-neon font-bold text-sm text-center\\\">·\n              If you ever feel unsafe, use the \\\"Block & Report\\\" button in the chat menu immediately. We take all reports seriously.·\n            </p>·\n          </div>·\n        </div>·\n      </PageLayout>·\n    );···\n    export const Guidelines: React.FC = () => (·\n      <PageLayout title=\\\"Guidelines\\\" icon={<Heart className=\\\"w-8 h-8 text-neon\\\" />}>·\n        <div className=\\\"space-y-8\\\">·\n          <p className=\\\"text-lg font-medium text-white\\\">·\n            Othrhalff is designed to be a safe, fun, and inclusive space. To keep it that way, we ask everyone to follow these simple rules.·\n          </p>···\n          <div className=\\\"space-y-6\\\">·\n            <div className=\\\"flex items-start gap-4 p-4 bg-gray-800/30 rounded-xl\\\">·\n              <CheckCircle2 className=\\\"w-6 h-6 text-green-500 mt-1 flex-shrink-0\\\" />·\n              <div>·\n                <h3 className=\\\"text-white font-bold mb-1\\\">Be Respectful</h3>·\n                <p className=\\\"text-sm text-gray-400\\\">Treat others how you want to be treated. Ghosting happens, but rudeness is a choice. Harassment is never okay.</p>·\n              </div>·\n            </div>···\n            <div className=\\\"flex items-start gap-4 p-4 bg-gray-800/30 rounded-xl\\\">·\n              <CheckCircle2 className=\\\"w-6 h-6 text-green-500 mt-1 flex-shrink-0\\\" />·\n              <div>·\n                <h3 className=\\\"text-white font-bold mb-1\\\">Be Honest</h3>·\n                <p className=\\\"text-sm text-gray-400\\\">You are anonymous, not fake. Represent your interests and major truthfully. Catfishing is strictly prohibited.</p>·\n              </div>·\n            </div>···\n            <div className=\\\"flex items-start gap-4 p-4 bg-gray-800/30 rounded-xl\\\">·\n              <CheckCircle2 className=\\\"w-6 h-6 text-green-500 mt-1 flex-shrink-0\\\" />·\n              <div>·\n                <h3 className=\\\"text-white font-bold mb-1\\\">Zero Tolerance for Hate</h3>·\n                <p className=\\\"text-sm text-gray-400\\\">Racism, sexism, homophobia, and transphobia result in an immediate and permanent IP ban. We protect our community fiercely.</p>·\n              </div>·\n            </div>·\n          </div>·\n        </div>·\n      </PageLayout>·\n    );\"\n\n    \u001b[0m \u001b[90m 472 |\u001b[39m   it(\u001b[32m'uses Link href= attribute (not to=)'\u001b[39m\u001b[33m,\u001b[39m () \u001b[33m=>\u001b[39m {\n     \u001b[90m 473 |\u001b[39m     expect(source)\u001b[33m.\u001b[39mnot\u001b[33m.\u001b[39mtoMatch(\u001b[35m/<Link to=/\u001b[39m)\u001b[33m;\u001b[39m\n    \u001b[31m\u001b[1m>\u001b[22m\u001b[39m\u001b[90m 474 |\u001b[39m     expect(source)\u001b[33m.\u001b[39mtoMatch(\u001b[35m/<Link href=/\u001b[39m)\u001b[33m;\u001b[39m\n     \u001b[90m     |\u001b[39m                    \u001b[31m\u001b[1m^\u001b[22m\u001b[39m\n     \u001b[90m 475 |\u001b[39m   })\u001b[33m;\u001b[39m\n     \u001b[90m 476 |\u001b[39m })\u001b[33m;\u001b[39m\n     \u001b[90m 477 |\u001b[39m\u001b[0m\n\n      at Object.toMatch (__tests__/app/navigation-migration.test.ts:474:20)\n","name":"C:\\Users\\nikhi\\Downloads\\othrhalff prod\\client\\__tests__\\app\\navigation-migration.test.ts","startTime":1781277293196,"status":"failed","summary":""}],"wasInterrupted":false}
